#
# There is insufficient memory for the Java Runtime Environment to continue.
# Native memory allocation (mmap) failed to map 716177408 bytes for committing reserved memory.
# Possible reasons:
#   The system is out of physical RAM or swap space
#   In 32 bit mode, the process size limit was hit
# Possible solutions:
#   Reduce memory load on the system
#   Increase physical memory or swap space
#   Check if swap backing store is full
#   Use 64 bit Java on a 64 bit OS
#   Decrease Java heap size (-Xmx/-Xms)
#   Decrease number of Java threads
#   Decrease Java thread stack sizes (-Xss)
#   Set larger code cache with -XX:ReservedCodeCacheSize=
# This output file may be truncated or incomplete.
#
#  Out of Memory Error (os_linux.cpp:2643), pid=12264, tid=0x00007f2246d2b700
#
# JRE version:  (8.0_151-b12) (build )
# Java VM: OpenJDK 64-Bit Server VM (25.151-b12 mixed mode linux-amd64 compressed oops)
# Failed to write core dump. Core dumps have been disabled. To enable core dumping, try "ulimit -c unlimited" before starting Java again
#

---------------  T H R E A D  ---------------

Current thread (0x00007f224000a000):  JavaThread "Unknown thread" [_thread_in_vm, id=12265, stack(0x00007f2246c2b000,0x00007f2246d2c000)]

Stack: [0x00007f2246c2b000,0x00007f2246d2c000],  sp=0x00007f2246d2a630,  free space=1021k
Native frames: (J=compiled Java code, j=interpreted, Vv=VM code, C=native code)
V  [libjvm.so+0xa684eb]
V  [libjvm.so+0x4c579c]
V  [libjvm.so+0x8b6b50]
V  [libjvm.so+0x8b0fce]
V  [libjvm.so+0x92b806]
V  [libjvm.so+0x91c313]
V  [libjvm.so+0x2af221]
V  [libjvm.so+0x8dbe59]
V  [libjvm.so+0xa2bac9]
V  [libjvm.so+0xa2bd12]
V  [libjvm.so+0x60f73f]
V  [libjvm.so+0xa1107a]
V  [libjvm.so+0x6898b2]  JNI_CreateJavaVM+0x62
C  [libjli.so+0x2f2e]
C  [libjli.so+0x73dd]
C  [libpthread.so.0+0x76ba]  start_thread+0xca


---------------  P R O C E S S  ---------------

Java Threads: ( => current thread )

Other Threads:

=>0x00007f224000a000 (exited) JavaThread "Unknown thread" [_thread_in_vm, id=12265, stack(0x00007f2246c2b000,0x00007f2246d2c000)]

VM state:not at safepoint (not fully initialized)

VM Mutex/Monitor currently owned by a thread: None

GC Heap History (0 events):
No events

Deoptimization events (0 events):
No events

Internal exceptions (0 events):
No events

Events (0 events):
No events


Dynamic libraries:
00400000-00401000 r-xp 00000000 08:11 1181914                            /usr/lib/jvm/java-8-openjdk-amd64/jre/bin/java
00600000-00601000 r--p 00000000 08:11 1181914                            /usr/lib/jvm/java-8-openjdk-amd64/jre/bin/java
00601000-00602000 rw-p 00001000 08:11 1181914                            /usr/lib/jvm/java-8-openjdk-amd64/jre/bin/java
013c2000-013e3000 rw-p 00000000 00:00 0                                  [heap]
eab00000-100000000 rw-p 00000000 00:00 0 
7f22371b6000-7f223730b000 ---p 00000000 00:00 0 
7f223730b000-7f22373c1000 rw-p 00000000 00:00 0 
7f22373c1000-7f22375b7000 ---p 00000000 00:00 0 
7f22375b7000-7f2237827000 rwxp 00000000 00:00 0 
7f2237827000-7f223f5b7000 ---p 00000000 00:00 0 
7f223f5b7000-7f223f5bf000 r-xp 00000000 08:11 1181873                    /usr/lib/jvm/java-8-openjdk-amd64/jre/lib/amd64/libzip.so
7f223f5bf000-7f223f7be000 ---p 00008000 08:11 1181873                    /usr/lib/jvm/java-8-openjdk-amd64/jre/lib/amd64/libzip.so
7f223f7be000-7f223f7bf000 r--p 00007000 08:11 1181873                    /usr/lib/jvm/java-8-openjdk-amd64/jre/lib/amd64/libzip.so
7f223f7bf000-7f223f7c0000 rw-p 00008000 08:11 1181873                    /usr/lib/jvm/java-8-openjdk-amd64/jre/lib/amd64/libzip.so
7f223f7c0000-7f223f7cb000 r-xp 00000000 08:11 1350585                    /lib/x86_64-linux-gnu/libnss_files-2.23.so
7f223f7cb000-7f223f9ca000 ---p 0000b000 08:11 1350585                    /lib/x86_64-linux-gnu/libnss_files-2.23.so
7f223f9ca000-7f223f9cb000 r--p 0000a000 08:11 1350585                    /lib/x86_64-linux-gnu/libnss_files-2.23.so
7f223f9cb000-7f223f9cc000 rw-p 0000b000 08:11 1350585                    /lib/x86_64-linux-gnu/libnss_files-2.23.so
7f223f9cc000-7f223f9d2000 rw-p 00000000 00:00 0 
7f223f9d2000-7f223f9dd000 r-xp 00000000 08:11 1350589                    /lib/x86_64-linux-gnu/libnss_nis-2.23.so
7f223f9dd000-7f223fbdc000 ---p 0000b000 08:11 1350589                    /lib/x86_64-linux-gnu/libnss_nis-2.23.so
7f223fbdc000-7f223fbdd000 r--p 0000a000 08:11 1350589                    /lib/x86_64-linux-gnu/libnss_nis-2.23.so
7f223fbdd000-7f223fbde000 rw-p 0000b000 08:11 1350589                    /lib/x86_64-linux-gnu/libnss_nis-2.23.so
7f223fbde000-7f223fbf4000 r-xp 00000000 08:11 1350557                    /lib/x86_64-linux-gnu/libnsl-2.23.so
7f223fbf4000-7f223fdf3000 ---p 00016000 08:11 1350557                    /lib/x86_64-linux-gnu/libnsl-2.23.so
7f223fdf3000-7f223fdf4000 r--p 00015000 08:11 1350557                    /lib/x86_64-linux-gnu/libnsl-2.23.so
7f223fdf4000-7f223fdf5000 rw-p 00016000 08:11 1350557                    /lib/x86_64-linux-gnu/libnsl-2.23.so
7f223fdf5000-7f223fdf7000 rw-p 00000000 00:00 0 
7f223fdf7000-7f223fdff000 r-xp 00000000 08:11 1350580                    /lib/x86_64-linux-gnu/libnss_compat-2.23.so
7f223fdff000-7f223fffe000 ---p 00008000 08:11 1350580                    /lib/x86_64-linux-gnu/libnss_compat-2.23.so
7f223fffe000-7f223ffff000 r--p 00007000 08:11 1350580                    /lib/x86_64-linux-gnu/libnss_compat-2.23.so
7f223ffff000-7f2240000000 rw-p 00008000 08:11 1350580                    /lib/x86_64-linux-gnu/libnss_compat-2.23.so
7f2240000000-7f2240031000 rw-p 00000000 00:00 0 
7f2240031000-7f2244000000 ---p 00000000 00:00 0 
7f22440f4000-7f2244121000 r-xp 00000000 08:11 1181851                    /usr/lib/jvm/java-8-openjdk-amd64/jre/lib/amd64/libjava.so
7f2244121000-7f2244320000 ---p 0002d000 08:11 1181851                    /usr/lib/jvm/java-8-openjdk-amd64/jre/lib/amd64/libjava.so
7f2244320000-7f2244321000 r--p 0002c000 08:11 1181851                    /usr/lib/jvm/java-8-openjdk-amd64/jre/lib/amd64/libjava.so
7f2244321000-7f2244323000 rw-p 0002d000 08:11 1181851                    /usr/lib/jvm/java-8-openjdk-amd64/jre/lib/amd64/libjava.so
7f2244323000-7f2244332000 r-xp 00000000 08:11 1181870                    /usr/lib/jvm/java-8-openjdk-amd64/jre/lib/amd64/libverify.so
7f2244332000-7f2244531000 ---p 0000f000 08:11 1181870                    /usr/lib/jvm/java-8-openjdk-amd64/jre/lib/amd64/libverify.so
7f2244531000-7f2244533000 r--p 0000e000 08:11 1181870                    /usr/lib/jvm/java-8-openjdk-amd64/jre/lib/amd64/libverify.so
7f2244533000-7f2244534000 rw-p 00010000 08:11 1181870                    /usr/lib/jvm/java-8-openjdk-amd64/jre/lib/amd64/libverify.so
7f2244534000-7f224453b000 r-xp 00000000 08:11 1350590                    /lib/x86_64-linux-gnu/librt-2.23.so
7f224453b000-7f224473a000 ---p 00007000 08:11 1350590                    /lib/x86_64-linux-gnu/librt-2.23.so
7f224473a000-7f224473b000 r--p 00006000 08:11 1350590                    /lib/x86_64-linux-gnu/librt-2.23.so
7f224473b000-7f224473c000 rw-p 00007000 08:11 1350590                    /lib/x86_64-linux-gnu/librt-2.23.so
7f224473c000-7f2244752000 r-xp 00000000 08:11 1316121                    /lib/x86_64-linux-gnu/libgcc_s.so.1
7f2244752000-7f2244951000 ---p 00016000 08:11 1316121                    /lib/x86_64-linux-gnu/libgcc_s.so.1
7f2244951000-7f2244952000 rw-p 00015000 08:11 1316121                    /lib/x86_64-linux-gnu/libgcc_s.so.1
7f2244952000-7f2244a5a000 r-xp 00000000 08:11 1311639                    /lib/x86_64-linux-gnu/libm-2.23.so
7f2244a5a000-7f2244c59000 ---p 00108000 08:11 1311639                    /lib/x86_64-linux-gnu/libm-2.23.so
7f2244c59000-7f2244c5a000 r--p 00107000 08:11 1311639                    /lib/x86_64-linux-gnu/libm-2.23.so
7f2244c5a000-7f2244c5b000 rw-p 00108000 08:11 1311639                    /lib/x86_64-linux-gnu/libm-2.23.so
7f2244c5b000-7f2244dcd000 r-xp 00000000 08:11 1179986                    /usr/lib/x86_64-linux-gnu/libstdc++.so.6.0.21
7f2244dcd000-7f2244fcd000 ---p 00172000 08:11 1179986                    /usr/lib/x86_64-linux-gnu/libstdc++.so.6.0.21
7f2244fcd000-7f2244fd7000 r--p 00172000 08:11 1179986                    /usr/lib/x86_64-linux-gnu/libstdc++.so.6.0.21
7f2244fd7000-7f2244fd9000 rw-p 0017c000 08:11 1179986                    /usr/lib/x86_64-linux-gnu/libstdc++.so.6.0.21
7f2244fd9000-7f2244fdd000 rw-p 00000000 00:00 0 
7f2244fdd000-7f2245c2f000 r-xp 00000000 08:11 1181863                    /usr/lib/jvm/java-8-openjdk-amd64/jre/lib/amd64/server/libjvm.so
7f2245c2f000-7f2245e2f000 ---p 00c52000 08:11 1181863                    /usr/lib/jvm/java-8-openjdk-amd64/jre/lib/amd64/server/libjvm.so
7f2245e2f000-7f2245ec2000 r--p 00c52000 08:11 1181863                    /usr/lib/jvm/java-8-openjdk-amd64/jre/lib/amd64/server/libjvm.so
7f2245ec2000-7f2245eeb000 rw-p 00ce5000 08:11 1181863                    /usr/lib/jvm/java-8-openjdk-amd64/jre/lib/amd64/server/libjvm.so
7f2245eeb000-7f2245f1b000 rw-p 00000000 00:00 0 
7f2245f1b000-7f2245f33000 r-xp 00000000 08:11 1350559                    /lib/x86_64-linux-gnu/libpthread-2.23.so
7f2245f33000-7f2246132000 ---p 00018000 08:11 1350559                    /lib/x86_64-linux-gnu/libpthread-2.23.so
7f2246132000-7f2246133000 r--p 00017000 08:11 1350559                    /lib/x86_64-linux-gnu/libpthread-2.23.so
7f2246133000-7f2246134000 rw-p 00018000 08:11 1350559                    /lib/x86_64-linux-gnu/libpthread-2.23.so
7f2246134000-7f2246138000 rw-p 00000000 00:00 0 
7f2246138000-7f224613b000 r-xp 00000000 08:11 1350574                    /lib/x86_64-linux-gnu/libdl-2.23.so
7f224613b000-7f224633a000 ---p 00003000 08:11 1350574                    /lib/x86_64-linux-gnu/libdl-2.23.so
7f224633a000-7f224633b000 r--p 00002000 08:11 1350574                    /lib/x86_64-linux-gnu/libdl-2.23.so
7f224633b000-7f224633c000 rw-p 00003000 08:11 1350574                    /lib/x86_64-linux-gnu/libdl-2.23.so
7f224633c000-7f2246355000 r-xp 00000000 08:11 1316816                    /lib/x86_64-linux-gnu/libz.so.1.2.8
7f2246355000-7f2246554000 ---p 00019000 08:11 1316816                    /lib/x86_64-linux-gnu/libz.so.1.2.8
7f2246554000-7f2246555000 r--p 00018000 08:11 1316816                    /lib/x86_64-linux-gnu/libz.so.1.2.8
7f2246555000-7f2246556000 rw-p 00019000 08:11 1316816                    /lib/x86_64-linux-gnu/libz.so.1.2.8
7f2246556000-7f2246716000 r-xp 00000000 08:11 1350567                    /lib/x86_64-linux-gnu/libc-2.23.so
7f2246716000-7f2246916000 ---p 001c0000 08:11 1350567                    /lib/x86_64-linux-gnu/libc-2.23.so
7f2246916000-7f224691a000 r--p 001c0000 08:11 1350567                    /lib/x86_64-linux-gnu/libc-2.23.so
7f224691a000-7f224691c000 rw-p 001c4000 08:11 1350567                    /lib/x86_64-linux-gnu/libc-2.23.so
7f224691c000-7f2246920000 rw-p 00000000 00:00 0 
7f2246920000-7f224692d000 r-xp 00000000 08:11 1181868                    /usr/lib/jvm/java-8-openjdk-amd64/jre/lib/amd64/jli/libjli.so
7f224692d000-7f2246b2d000 ---p 0000d000 08:11 1181868                    /usr/lib/jvm/java-8-openjdk-amd64/jre/lib/amd64/jli/libjli.so
7f2246b2d000-7f2246b2e000 r--p 0000d000 08:11 1181868                    /usr/lib/jvm/java-8-openjdk-amd64/jre/lib/amd64/jli/libjli.so
7f2246b2e000-7f2246b2f000 rw-p 0000e000 08:11 1181868                    /usr/lib/jvm/java-8-openjdk-amd64/jre/lib/amd64/jli/libjli.so
7f2246b2f000-7f2246b55000 r-xp 00000000 08:11 1350558                    /lib/x86_64-linux-gnu/ld-2.23.so
7f2246c2b000-7f2246c2e000 ---p 00000000 00:00 0 
7f2246c2e000-7f2246d30000 rw-p 00000000 00:00 0 
7f2246d49000-7f2246d51000 rw-s 00000000 08:11 396632                     /tmp/hsperfdata_slawek/12264
7f2246d51000-7f2246d52000 rw-p 00000000 00:00 0 
7f2246d52000-7f2246d53000 r--p 00000000 00:00 0 
7f2246d53000-7f2246d54000 rw-p 00000000 00:00 0 
7f2246d54000-7f2246d55000 r--p 00025000 08:11 1350558                    /lib/x86_64-linux-gnu/ld-2.23.so
7f2246d55000-7f2246d56000 rw-p 00026000 08:11 1350558                    /lib/x86_64-linux-gnu/ld-2.23.so
7f2246d56000-7f2246d57000 rw-p 00000000 00:00 0 
7ffc209b8000-7ffc209da000 rw-p 00000000 00:00 0                          [stack]
7ffc209db000-7ffc209de000 r--p 00000000 00:00 0                          [vvar]
7ffc209de000-7ffc209e0000 r-xp 00000000 00:00 0                          [vdso]
ffffffffff600000-ffffffffff601000 r-xp 00000000 00:00 0                  [vsyscall]

VM Arguments:
jvm_args: -Xms1024m -Xmx1024m -XX:ReservedCodeCacheSize=128m -XX:MaxMetaspaceSize=256m 
java_command: /usr/share/sbt-launcher-packaging/bin/sbt-launch.jar compile
java_class_path (initial): /usr/share/sbt-launcher-packaging/bin/sbt-launch.jar
Launcher Type: SUN_STANDARD

Environment Variables:
PATH=/home/slawek/.nvm/versions/node/v8.9.4/bin:/usr/local/sbin:/usr/local/bin:/usr/sbin:/usr/bin:/sbin:/bin:/usr/games:/usr/local/games:/snap/bin:/media/windows/activator-1.3.12-minimal/bin:/media/windows/Users/sławek/Documents/polimat/neo4j-community-3.2.0/bin
SHELL=/bin/bash
DISPLAY=:0

Signal Handlers:
SIGSEGV: [libjvm.so+0xa69040], sa_mask[0]=11111111011111111101111111111110, sa_flags=SA_RESTART|SA_SIGINFO
SIGBUS: [libjvm.so+0xa69040], sa_mask[0]=11111111011111111101111111111110, sa_flags=SA_RESTART|SA_SIGINFO
SIGFPE: [libjvm.so+0x8b2170], sa_mask[0]=11111111011111111101111111111110, sa_flags=SA_RESTART|SA_SIGINFO
SIGPIPE: [libjvm.so+0x8b2170], sa_mask[0]=11111111011111111101111111111110, sa_flags=SA_RESTART|SA_SIGINFO
SIGXFSZ: [libjvm.so+0x8b2170], sa_mask[0]=11111111011111111101111111111110, sa_flags=SA_RESTART|SA_SIGINFO
SIGILL: [libjvm.so+0x8b2170], sa_mask[0]=11111111011111111101111111111110, sa_flags=SA_RESTART|SA_SIGINFO
SIGUSR1: SIG_DFL, sa_mask[0]=00000000000000000000000000000000, sa_flags=none
SIGUSR2: [libjvm.so+0x8b2020], sa_mask[0]=00000000000000000000000000000000, sa_flags=SA_RESTART|SA_SIGINFO
SIGHUP: SIG_DFL, sa_mask[0]=00000000000000000000000000000000, sa_flags=none
SIGINT: SIG_DFL, sa_mask[0]=00000000000000000000000000000000, sa_flags=none
SIGTERM: SIG_DFL, sa_mask[0]=00000000000000000000000000000000, sa_flags=none
SIGQUIT: SIG_DFL, sa_mask[0]=00000000000000000000000000000000, sa_flags=none


---------------  S Y S T E M  ---------------

OS:DISTRIB_ID=Ubuntu
DISTRIB_RELEASE=16.04
DISTRIB_CODENAME=xenial
DISTRIB_DESCRIPTION="Ubuntu 16.04.1 LTS"

uname:Linux 4.4.0-116-generic #140-Ubuntu SMP Mon Feb 12 21:23:04 UTC 2018 x86_64
libc:glibc 2.23 NPTL 2.23 
rlimit: STACK 8192k, CORE 0k, NPROC 15104, NOFILE 1048576, AS infinity
load average:0.48 0.48 0.46

/proc/meminfo:
MemTotal:        3935348 kB
MemFree:          222936 kB
MemAvailable:     550740 kB
Buffers:           93592 kB
Cached:           784072 kB
SwapCached:            0 kB
Active:          2823524 kB
Inactive:         538780 kB
Active(anon):    2517816 kB
Inactive(anon):   340028 kB
Active(file):     305708 kB
Inactive(file):   198752 kB
Unevictable:          72 kB
Mlocked:              72 kB
SwapTotal:             0 kB
SwapFree:              0 kB
Dirty:               864 kB
Writeback:             0 kB
AnonPages:       2484864 kB
Mapped:           350540 kB
Shmem:            373276 kB
Slab:             204096 kB
SReclaimable:      56232 kB
SUnreclaim:       147864 kB
KernelStack:       12944 kB
PageTables:        64076 kB
NFS_Unstable:          0 kB
Bounce:                0 kB
WritebackTmp:          0 kB
CommitLimit:     1967672 kB
Committed_AS:    9427408 kB
VmallocTotal:   34359738367 kB
VmallocUsed:           0 kB
VmallocChunk:          0 kB
HardwareCorrupted:     0 kB
AnonHugePages:    935936 kB
CmaTotal:              0 kB
CmaFree:               0 kB
HugePages_Total:       0
HugePages_Free:        0
HugePages_Rsvd:        0
HugePages_Surp:        0
Hugepagesize:       2048 kB
DirectMap4k:      268092 kB
DirectMap2M:     3815424 kB


CPU:total 4 (initial active 4) (2 cores per cpu, 2 threads per core) family 6 model 58 stepping 9, cmov, cx8, fxsr, mmx, sse, sse2, sse3, ssse3, sse4.1, sse4.2, popcnt, avx, clmul, erms, ht, tsc, tscinvbit, tscinv

/proc/cpuinfo:
processor	: 0
vendor_id	: GenuineIntel
cpu family	: 6
model		: 58
model name	: Intel(R) Core(TM) i3-3110M CPU @ 2.40GHz
stepping	: 9
microcode	: 0x15
cpu MHz		: 2036.437
cache size	: 3072 KB
physical id	: 0
siblings	: 4
core id		: 0
cpu cores	: 2
apicid		: 0
initial apicid	: 0
fpu		: yes
fpu_exception	: yes
cpuid level	: 13
wp		: yes
flags		: fpu vme de pse tsc msr pae mce cx8 apic sep mtrr pge mca cmov pat pse36 clflush dts acpi mmx fxsr sse sse2 ss ht tm pbe syscall nx rdtscp lm constant_tsc arch_perfmon pebs bts rep_good nopl xtopology nonstop_tsc aperfmperf eagerfpu pni pclmulqdq dtes64 monitor ds_cpl vmx est tm2 ssse3 cx16 xtpr pdcm pcid sse4_1 sse4_2 x2apic popcnt tsc_deadline_timer xsave avx f16c lahf_lm epb retpoline kaiser tpr_shadow vnmi flexpriority ept vpid fsgsbase smep erms xsaveopt dtherm arat pln pts
bugs		: cpu_meltdown spectre_v1 spectre_v2
bogomips	: 4789.21
clflush size	: 64
cache_alignment	: 64
address sizes	: 36 bits physical, 48 bits virtual
power management:

processor	: 1
vendor_id	: GenuineIntel
cpu family	: 6
model		: 58
model name	: Intel(R) Core(TM) i3-3110M CPU @ 2.40GHz
stepping	: 9
microcode	: 0x15
cpu MHz		: 1997.062
cache size	: 3072 KB
physical id	: 0
siblings	: 4
core id		: 1
cpu cores	: 2
apicid		: 2
initial apicid	: 2
fpu		: yes
fpu_exception	: yes
cpuid level	: 13
wp		: yes
flags		: fpu vme de pse tsc msr pae mce cx8 apic sep mtrr pge mca cmov pat pse36 clflush dts acpi mmx fxsr sse sse2 ss ht tm pbe syscall nx rdtscp lm constant_tsc arch_perfmon pebs bts rep_good nopl xtopology nonstop_tsc aperfmperf eagerfpu pni pclmulqdq dtes64 monitor ds_cpl vmx est tm2 ssse3 cx16 xtpr pdcm pcid sse4_1 sse4_2 x2apic popcnt tsc_deadline_timer xsave avx f16c lahf_lm epb retpoline kaiser tpr_shadow vnmi flexpriority ept vpid fsgsbase smep erms xsaveopt dtherm arat pln pts
bugs		: cpu_meltdown spectre_v1 spectre_v2
bogomips	: 4789.21
clflush size	: 64
cache_alignment	: 64
address sizes	: 36 bits physical, 48 bits virtual
power management:

processor	: 2
vendor_id	: GenuineIntel
cpu family	: 6
model		: 58
model name	: Intel(R) Core(TM) i3-3110M CPU @ 2.40GHz
stepping	: 9
microcode	: 0x15
cpu MHz		: 1996.968
cache size	: 3072 KB
physical id	: 0
siblings	: 4
core id		: 0
cpu cores	: 2
apicid		: 1
initial apicid	: 1
fpu		: yes
fpu_exception	: yes
cpuid level	: 13
wp		: yes
flags		: fpu vme de pse tsc msr pae mce cx8 apic sep mtrr pge mca cmov pat pse36 clflush dts acpi mmx fxsr sse sse2 ss ht tm pbe syscall nx rdtscp lm constant_tsc arch_perfmon pebs bts rep_good nopl xtopology nonstop_tsc aperfmperf eagerfpu pni pclmulqdq dtes64 monitor ds_cpl vmx est tm2 ssse3 cx16 xtpr pdcm pcid sse4_1 sse4_2 x2apic popcnt tsc_deadline_timer xsave avx f16c lahf_lm epb retpoline kaiser tpr_shadow vnmi flexpriority ept vpid fsgsbase smep erms xsaveopt dtherm arat pln pts
bugs		: cpu_meltdown spectre_v1 spectre_v2
bogomips	: 4789.21
clflush size	: 64
cache_alignment	: 64
address sizes	: 36 bits physical, 48 bits virtual
power management:

processor	: 3
vendor_id	: GenuineIntel
cpu family	: 6
model		: 58
model name	: Intel(R) Core(TM) i3-3110M CPU @ 2.40GHz
stepping	: 9
microcode	: 0x15
cpu MHz		: 2033.343
cache size	: 3072 KB
physical id	: 0
siblings	: 4
core id		: 1
cpu cores	: 2
apicid		: 3
initial apicid	: 3
fpu		: yes
fpu_exception	: yes
cpuid level	: 13
wp		: yes
flags		: fpu vme de pse tsc msr pae mce cx8 apic sep mtrr pge mca cmov pat pse36 clflush dts acpi mmx fxsr sse sse2 ss ht tm pbe syscall nx rdtscp lm constant_tsc arch_perfmon pebs bts rep_good nopl xtopology nonstop_tsc aperfmperf eagerfpu pni pclmulqdq dtes64 monitor ds_cpl vmx est tm2 ssse3 cx16 xtpr pdcm pcid sse4_1 sse4_2 x2apic popcnt tsc_deadline_timer xsave avx f16c lahf_lm epb retpoline kaiser tpr_shadow vnmi flexpriority ept vpid fsgsbase smep erms xsaveopt dtherm arat pln pts
bugs		: cpu_meltdown spectre_v1 spectre_v2
bogomips	: 4789.21
clflush size	: 64
cache_alignment	: 64
address sizes	: 36 bits physical, 48 bits virtual
power management:



Memory: 4k page, physical 3935348k(222936k free), swap 0k(0k free)

vm_info: OpenJDK 64-Bit Server VM (25.151-b12) for linux-amd64 JRE (1.8.0_151-8u151-b12-0ubuntu0.16.04.2-b12), built on Oct 27 2017 21:59:02 by "buildd" with gcc 5.4.0 20160609

time: Fri Mar  9 22:45:34 2018
elapsed time: 0 seconds (0d 0h 0m 0s)

