#
# A fatal error has been detected by the Java Runtime Environment:
#
#  SIGSEGV (0xb) at pc=0x00007f46d1ce2288, pid=8022, tid=0x00007f46bb4f4700
#
# JRE version: OpenJDK Runtime Environment (8.0_121-b13) (build 1.8.0_121-8u121-b13-0ubuntu1.16.04.2-b13)
# Java VM: OpenJDK 64-Bit Server VM (25.121-b13 mixed mode linux-amd64 compressed oops)
# Problematic frame:
# V  [libjvm.so+0x9cb288]
#
# Failed to write core dump. Core dumps have been disabled. To enable core dumping, try "ulimit -c unlimited" before starting Java again
#
# If you would like to submit a bug report, please visit:
#   http://bugreport.java.com/bugreport/crash.jsp
#

---------------  T H R E A D  ---------------

Current thread (0x00007f46cc13e800):  VMThread [stack: 0x00007f46bb3f4000,0x00007f46bb4f5000] [id=8028]

siginfo: si_signo: 11 (SIGSEGV), si_code: 128 (SI_KERNEL), si_addr: 0x0000000000000000

Registers:
RAX=0x00007f46d21fcc30, RBX=0x00007f46bb4f36b0, RCX=0x00007f46bb4f3700, RDX=0x0000000000000003
RSP=0x00007f46bb4f3660, RBP=0x00007f46bb4f36a0, RSI=0x0000000000000003, RDI=0x20007f46cc793c00
R8 =0x00007f46cd8fbda0, R9 =0x000000000000ea00, R10=0x00007f46c507a800, R11=0x00007f46bb4f35d8
R12=0x00007f46bb4f37a0, R13=0x00007f46cc6a9cd0, R14=0x00007f46cca19b18, R15=0x00007f46bb4f3720
RIP=0x00007f46d1ce2288, EFLAGS=0x0000000000010246, CSGSFS=0x0000000000000033, ERR=0x0000000000000000
  TRAPNO=0x000000000000000d

Top of Stack: (sp=0x00007f46bb4f3660)
0x00007f46bb4f3660:   0000000000027158 0000000000019de0
0x00007f46bb4f3670:   00007f46bb4f36d0 00007f46bb4f3720
0x00007f46bb4f3680:   00007f46bb4f37a0 0000000000000004
0x00007f46bb4f3690:   00007f46bb4f37c0 00007f46bb4f37a0
0x00007f46bb4f36a0:   00007f46bb4f36d0 00007f46d1ce2362
0x00007f46bb4f36b0:   00000000000f05f0 952c9accb8a1f600
0x00007f46bb4f36c0:   00007f46bb4f3720 00007f46cc04d9c0
0x00007f46bb4f36d0:   00007f46bb4f3820 00007f46d1c3551e
0x00007f46bb4f36e0:   00007f46bb4f3760 00007f46d22352e0
0x00007f46bb4f36f0:   00007f46bb4f37c0 00007f466c2a5730
0x00007f46bb4f3700:   0000000000000000 0000000000002277
0x00007f46bb4f3710:   00000000000000a5 0000000000000000
0x00007f46bb4f3720:   0000000000016173 0000000000000028
0x00007f46bb4f3730:   00007f46d2175a68 00007f46cc11b5d0
0x00007f46bb4f3740:   00007f46d2175a80 00007f46d1b3fd00
0x00007f46bb4f3750:   00007f46cc11b5d0 00007ffd129c8cd5
0x00007f46bb4f3760:   00007f46d1df8166 00000001d1b40100
0x00007f46bb4f3770:   00007f46d2235320 0000000498fa89a5
0x00007f46bb4f3780:   00007f46d2176e78 0000000100000004
0x00007f46bb4f3790:   00007f46cc09b0c0 00007f4600000004
0x00007f46bb4f37a0:   00007f46000000bf 00007f46cc090100
0x00007f46bb4f37b0:   00007f46d2235320 000000049dac84d4
0x00007f46bb4f37c0:   00007f46d1dc0ec4 0000000000000100
0x00007f46bb4f37d0:   00007f46d2235320 000000049db820d3
0x00007f46bb4f37e0:   000000000000030a 952c9accb8a1f600
0x00007f46bb4f37f0:   00007f46bb4f3800 00007f46cc0172b0
0x00007f46bb4f3800:   00007f46cc13dc10 00007f46d2234f20
0x00007f46bb4f3810:   00007f46cc11b5d0 00007f46d21fcea0
0x00007f46bb4f3820:   00007f46bb4f3ad0 00007f46d1c3688d
0x00007f46bb4f3830:   00007f46d2234f30 00007f46cc01c190
0x00007f46bb4f3840:   00007f46cc017750 0000001000000000
0x00007f46bb4f3850:   00007f46cc0177e0 00007f46bb4f39d0 

Instructions: (pc=0x00007f46d1ce2288)
0x00007f46d1ce2268:   00 41 f6 45 08 01 74 0d 48 8d 05 99 96 54 00 8b
0x00007f46d1ce2278:   00 85 c0 74 73 49 8b 7d 10 48 8d 05 a8 a9 51 00
0x00007f46d1ce2288:   0f b7 37 48 63 00 48 83 c6 0f 48 c1 ee 03 48 8d
0x00007f46d1ce2298:   54 30 ff 48 f7 d8 48 21 d0 48 98 48 01 03 41 83 

Register to memory mapping:

RAX=0x00007f46d21fcc30: <offset 0xee5c30> in /usr/lib/jvm/java-8-openjdk-amd64/jre/lib/amd64/server/libjvm.so at 0x00007f46d1317000
RBX=0x00007f46bb4f36b0 is an unknown value
RCX=0x00007f46bb4f3700 is an unknown value
RDX=0x0000000000000003 is an unknown value
RSP=0x00007f46bb4f3660 is an unknown value
RBP=0x00007f46bb4f36a0 is an unknown value
RSI=0x0000000000000003 is an unknown value
RDI=0x20007f46cc793c00 is an unknown value
R8 =0x00007f46cd8fbda0 is an unknown value
R9 =0x000000000000ea00 is an unknown value
R10=0x00007f46c507a800 is at entry_point+0 in (nmethod*)0x00007f46c507a690
R11=0x00007f46bb4f35d8 is an unknown value
R12=0x00007f46bb4f37a0 is an unknown value
R13=0x00007f46cc6a9cd0 is an unknown value
R14=0x00007f46cca19b18 is an unknown value
R15=0x00007f46bb4f3720 is an unknown value


Stack: [0x00007f46bb3f4000,0x00007f46bb4f5000],  sp=0x00007f46bb4f3660,  free space=1021k
Native frames: (J=compiled Java code, j=interpreted, Vv=VM code, C=native code)
V  [libjvm.so+0x9cb288]
V  [libjvm.so+0x9cb362]
V  [libjvm.so+0x91e51e]
V  [libjvm.so+0x91f88d]
V  [libjvm.so+0x92023c]
V  [libjvm.so+0x447213]
V  [libjvm.so+0xa67a09]
V  [libjvm.so+0xa6d217]
V  [libjvm.so+0xa6a9e7]
V  [libjvm.so+0xa6be6f]
V  [libjvm.so+0xa6c361]
V  [libjvm.so+0x8b2042]

VM_Operation (0x00007f46baae3a20): CollectForMetadataAllocation, mode: safepoint, requested by thread 0x00007f46cc179800


---------------  P R O C E S S  ---------------

Java Threads: ( => current thread )
  0x00007f466409e000 JavaThread "pool-4-thread-6" [_thread_blocked, id=8125, stack(0x00007f46b8234000,0x00007f46b8335000)]
  0x00007f466409d000 JavaThread "pool-4-thread-5" [_thread_blocked, id=8124, stack(0x00007f46b3eff000,0x00007f46b4000000)]
  0x00007f46cde0e000 JavaThread "pool-4-thread-4" [_thread_blocked, id=8123, stack(0x00007f46b8335000,0x00007f46b8436000)]
  0x00007f46cde0d800 JavaThread "pool-4-thread-3" [_thread_blocked, id=8122, stack(0x00007f46b8436000,0x00007f46b8537000)]
  0x00007f46cde0c800 JavaThread "pool-4-thread-2" [_thread_blocked, id=8121, stack(0x00007f46b3dfe000,0x00007f46b3eff000)]
  0x00007f46cde0c000 JavaThread "pool-4-thread-1" [_thread_blocked, id=8120, stack(0x00007f46b8df9000,0x00007f46b8efa000)]
  0x00007f46cc865800 JavaThread "process reaper" daemon [_thread_blocked, id=8096, stack(0x00007f46b9b77000,0x00007f46b9bb0000)]
  0x00007f46cc1a1800 JavaThread "Service Thread" daemon [_thread_blocked, id=8035, stack(0x00007f46ba8e4000,0x00007f46ba9e5000)]
  0x00007f46cc179800 JavaThread "C1 CompilerThread2" daemon [_thread_blocked, id=8034, stack(0x00007f46ba9e5000,0x00007f46baae6000)]
  0x00007f46cc178000 JavaThread "C2 CompilerThread1" daemon [_thread_blocked, id=8033, stack(0x00007f46baae6000,0x00007f46babe7000)]
  0x00007f46cc175000 JavaThread "C2 CompilerThread0" daemon [_thread_blocked, id=8032, stack(0x00007f46babe7000,0x00007f46bace8000)]
  0x00007f46cc173000 JavaThread "Signal Dispatcher" daemon [_thread_blocked, id=8031, stack(0x00007f46bace8000,0x00007f46bade9000)]
  0x00007f46cc14a800 JavaThread "Finalizer" daemon [_thread_blocked, id=8030, stack(0x00007f46bb1f2000,0x00007f46bb2f3000)]
  0x00007f46cc146000 JavaThread "Reference Handler" daemon [_thread_blocked, id=8029, stack(0x00007f46bb2f3000,0x00007f46bb3f4000)]
  0x00007f46cc00a000 JavaThread "main" [_thread_blocked, id=8023, stack(0x00007f46d2f60000,0x00007f46d3061000)]

Other Threads:
=>0x00007f46cc13e800 VMThread [stack: 0x00007f46bb3f4000,0x00007f46bb4f5000] [id=8028]
  0x00007f46cc1a3800 WatcherThread [stack: 0x00007f46ba7e3000,0x00007f46ba8e4000] [id=8036]

VM state:at safepoint (normal execution)

VM Mutex/Monitor currently owned by a thread:  ([mutex/lock_event])
[0x00007f46cc0061a0] Threads_lock - owner thread: 0x00007f46cc13e800
[0x00007f46cc0066a0] Heap_lock - owner thread: 0x00007f46cc179800
[0x00007f46cc006c20] MethodData_lock - owner thread: 0x00007f46cc179800

Heap:
 PSYoungGen      total 305664K, used 43492K [0x00000000eab00000, 0x0000000100000000, 0x0000000100000000)
  eden space 262144K, 0% used [0x00000000eab00000,0x00000000eab00000,0x00000000fab00000)
  from space 43520K, 99% used [0x00000000fd580000,0x00000000ffff9308,0x0000000100000000)
  to   space 43520K, 0% used [0x00000000fab00000,0x00000000fab00000,0x00000000fd580000)
 ParOldGen       total 699392K, used 24811K [0x00000000c0000000, 0x00000000eab00000, 0x00000000eab00000)
  object space 699392K, 3% used [0x00000000c0000000,0x00000000c183af20,0x00000000eab00000)
 Metaspace       used 73301K, capacity 73893K, committed 74096K, reserved 1110016K
  class space    used 12999K, capacity 13182K, committed 13224K, reserved 1048576K

Card table byte_map: [0x00007f46c35d8000,0x00007f46c37d9000] byte_map_base: 0x00007f46c2fd8000

Marking Bits: (ParMarkBitMap*) 0x00007f46d2235220
 Begin Bits: [0x00007f46c107e000, 0x00007f46c207e000)
 End Bits:   [0x00007f46c207e000, 0x00007f46c307e000)

Polling page: 0x00007f46d3087000

CodeCache: size=131072Kb used=22435Kb max_used=23069Kb free=108636Kb
 bounds [0x00007f46c39d9000, 0x00007f46c5089000, 0x00007f46cb9d9000]
 total_blobs=8813 nmethods=8340 adapters=381
 compilation: enabled

Compilation events (10 events):
Event: 19,601 Thread 0x00007f46cc179800 nmethod 9549 0x00007f46c47c0f10 code [0x00007f46c47c1060, 0x00007f46c47c1170]
Event: 19,601 Thread 0x00007f46cc179800 9550       1       scala.tools.nsc.transform.Flatten$$anon$1::scala$tools$nsc$transform$Flatten$$anon$$$outer (5 bytes)
Event: 19,601 Thread 0x00007f46cc179800 nmethod 9550 0x00007f46c471a190 code [0x00007f46c471a2e0, 0x00007f46c471a3f0]
Event: 19,602 Thread 0x00007f46cc179800 9551       2       scala.tools.nsc.transform.Mixin$MixinTransformer::preTransform (886 bytes)
Event: 19,604 Thread 0x00007f46cc175000 nmethod 9390 0x00007f46c4a95090 code [0x00007f46c4a957c0, 0x00007f46c4a98ab0]
Event: 19,605 Thread 0x00007f46cc175000 9494       4       scala.reflect.internal.Symbols$ClassSymbol::name (5 bytes)
Event: 19,628 Thread 0x00007f46cc179800 nmethod 9551 0x00007f46c4a8bf90 code [0x00007f46c4a8c7c0, 0x00007f46c4a8f6a8]
Event: 19,628 Thread 0x00007f46cc179800 9556       2       scala.tools.nsc.transform.CleanUp$CleanUpTransformer::transform (9 bytes)
Event: 19,629 Thread 0x00007f46cc179800 nmethod 9556 0x00007f46c471ae90 code [0x00007f46c471b000, 0x00007f46c471b1a8]
Event: 19,629 Thread 0x00007f46cc179800 9557       2       scala.tools.nsc.transform.CleanUp$CleanUpTransformer::transform (1215 bytes)

GC Heap History (10 events):
Event: 6,934 GC heap after
Heap after GC invocations=6 (full 3):
 PSYoungGen      total 305664K, used 0K [0x00000000eab00000, 0x0000000100000000, 0x0000000100000000)
  eden space 262144K, 0% used [0x00000000eab00000,0x00000000eab00000,0x00000000fab00000)
  from space 43520K, 0% used [0x00000000fab00000,0x00000000fab00000,0x00000000fd580000)
  to   space 43520K, 0% used [0x00000000fd580000,0x00000000fd580000,0x0000000100000000)
 ParOldGen       total 699392K, used 16482K [0x00000000c0000000, 0x00000000eab00000, 0x00000000eab00000)
  object space 699392K, 2% used [0x00000000c0000000,0x00000000c1018938,0x00000000eab00000)
 Metaspace       used 43866K, capacity 44242K, committed 44456K, reserved 1085440K
  class space    used 8227K, capacity 8342K, committed 8360K, reserved 1048576K
}
Event: 6,938 GC heap before
{Heap before GC invocations=7 (full 3):
 PSYoungGen      total 305664K, used 3831K [0x00000000eab00000, 0x0000000100000000, 0x0000000100000000)
  eden space 262144K, 1% used [0x00000000eab00000,0x00000000eaebdd28,0x00000000fab00000)
  from space 43520K, 0% used [0x00000000fab00000,0x00000000fab00000,0x00000000fd580000)
  to   space 43520K, 0% used [0x00000000fd580000,0x00000000fd580000,0x0000000100000000)
 ParOldGen       total 699392K, used 16482K [0x00000000c0000000, 0x00000000eab00000, 0x00000000eab00000)
  object space 699392K, 2% used [0x00000000c0000000,0x00000000c1018938,0x00000000eab00000)
 Metaspace       used 43870K, capacity 44242K, committed 44456K, reserved 1085440K
  class space    used 8228K, capacity 8342K, committed 8360K, reserved 1048576K
Event: 6,939 GC heap after
Heap after GC invocations=7 (full 3):
 PSYoungGen      total 305664K, used 64K [0x00000000eab00000, 0x0000000100000000, 0x0000000100000000)
  eden space 262144K, 0% used [0x00000000eab00000,0x00000000eab00000,0x00000000fab00000)
  from space 43520K, 0% used [0x00000000fd580000,0x00000000fd590000,0x0000000100000000)
  to   space 43520K, 0% used [0x00000000fab00000,0x00000000fab00000,0x00000000fd580000)
 ParOldGen       total 699392K, used 16482K [0x00000000c0000000, 0x00000000eab00000, 0x00000000eab00000)
  object space 699392K, 2% used [0x00000000c0000000,0x00000000c1018938,0x00000000eab00000)
 Metaspace       used 43870K, capacity 44242K, committed 44456K, reserved 1085440K
  class space    used 8228K, capacity 8342K, committed 8360K, reserved 1048576K
}
Event: 6,939 GC heap before
{Heap before GC invocations=8 (full 4):
 PSYoungGen      total 305664K, used 64K [0x00000000eab00000, 0x0000000100000000, 0x0000000100000000)
  eden space 262144K, 0% used [0x00000000eab00000,0x00000000eab00000,0x00000000fab00000)
  from space 43520K, 0% used [0x00000000fd580000,0x00000000fd590000,0x0000000100000000)
  to   space 43520K, 0% used [0x00000000fab00000,0x00000000fab00000,0x00000000fd580000)
 ParOldGen       total 699392K, used 16482K [0x00000000c0000000, 0x00000000eab00000, 0x00000000eab00000)
  object space 699392K, 2% used [0x00000000c0000000,0x00000000c1018938,0x00000000eab00000)
 Metaspace       used 43870K, capacity 44242K, committed 44456K, reserved 1085440K
  class space    used 8228K, capacity 8342K, committed 8360K, reserved 1048576K
Event: 7,018 GC heap after
Heap after GC invocations=8 (full 4):
 PSYoungGen      total 305664K, used 0K [0x00000000eab00000, 0x0000000100000000, 0x0000000100000000)
  eden space 262144K, 0% used [0x00000000eab00000,0x00000000eab00000,0x00000000fab00000)
  from space 43520K, 0% used [0x00000000fd580000,0x00000000fd580000,0x0000000100000000)
  to   space 43520K, 0% used [0x00000000fab00000,0x00000000fab00000,0x00000000fd580000)
 ParOldGen       total 699392K, used 13401K [0x00000000c0000000, 0x00000000eab00000, 0x00000000eab00000)
  object space 699392K, 1% used [0x00000000c0000000,0x00000000c0d16730,0x00000000eab00000)
 Metaspace       used 43870K, capacity 44242K, committed 44456K, reserved 1085440K
  class space    used 8228K, capacity 8342K, committed 8360K, reserved 1048576K
}
Event: 12,142 GC heap before
{Heap before GC invocations=9 (full 4):
 PSYoungGen      total 305664K, used 262144K [0x00000000eab00000, 0x0000000100000000, 0x0000000100000000)
  eden space 262144K, 100% used [0x00000000eab00000,0x00000000fab00000,0x00000000fab00000)
  from space 43520K, 0% used [0x00000000fd580000,0x00000000fd580000,0x0000000100000000)
  to   space 43520K, 0% used [0x00000000fab00000,0x00000000fab00000,0x00000000fd580000)
 ParOldGen       total 699392K, used 13401K [0x00000000c0000000, 0x00000000eab00000, 0x00000000eab00000)
  object space 699392K, 1% used [0x00000000c0000000,0x00000000c0d16730,0x00000000eab00000)
 Metaspace       used 61051K, capacity 61700K, committed 61864K, reserved 1099776K
  class space    used 11218K, capacity 11422K, committed 11432K, reserved 1048576K
Event: 12,209 GC heap after
Heap after GC invocations=9 (full 4):
 PSYoungGen      total 305664K, used 43494K [0x00000000eab00000, 0x0000000100000000, 0x0000000100000000)
  eden space 262144K, 0% used [0x00000000eab00000,0x00000000eab00000,0x00000000fab00000)
  from space 43520K, 99% used [0x00000000fab00000,0x00000000fd579990,0x00000000fd580000)
  to   space 43520K, 0% used [0x00000000fd580000,0x00000000fd580000,0x0000000100000000)
 ParOldGen       total 699392K, used 13460K [0x00000000c0000000, 0x00000000eab00000, 0x00000000eab00000)
  object space 699392K, 1% used [0x00000000c0000000,0x00000000c0d25280,0x00000000eab00000)
 Metaspace       used 61051K, capacity 61700K, committed 61864K, reserved 1099776K
  class space    used 11218K, capacity 11422K, committed 11432K, reserved 1048576K
}
Event: 19,640 GC heap before
{Heap before GC invocations=10 (full 4):
 PSYoungGen      total 305664K, used 162191K [0x00000000eab00000, 0x0000000100000000, 0x0000000100000000)
  eden space 262144K, 45% used [0x00000000eab00000,0x00000000f1eea550,0x00000000fab00000)
  from space 43520K, 99% used [0x00000000fab00000,0x00000000fd579990,0x00000000fd580000)
  to   space 43520K, 0% used [0x00000000fd580000,0x00000000fd580000,0x0000000100000000)
 ParOldGen       total 699392K, used 13460K [0x00000000c0000000, 0x00000000eab00000, 0x00000000eab00000)
  object space 699392K, 1% used [0x00000000c0000000,0x00000000c0d25280,0x00000000eab00000)
 Metaspace       used 73301K, capacity 73893K, committed 74096K, reserved 1110016K
  class space    used 12999K, capacity 13182K, committed 13224K, reserved 1048576K
Event: 19,746 GC heap after
Heap after GC invocations=10 (full 4):
 PSYoungGen      total 305664K, used 43492K [0x00000000eab00000, 0x0000000100000000, 0x0000000100000000)
  eden space 262144K, 0% used [0x00000000eab00000,0x00000000eab00000,0x00000000fab00000)
  from space 43520K, 99% used [0x00000000fd580000,0x00000000ffff9308,0x0000000100000000)
  to   space 43520K, 0% used [0x00000000fab00000,0x00000000fab00000,0x00000000fd580000)
 ParOldGen       total 699392K, used 24811K [0x00000000c0000000, 0x00000000eab00000, 0x00000000eab00000)
  object space 699392K, 3% used [0x00000000c0000000,0x00000000c183af20,0x00000000eab00000)
 Metaspace       used 73301K, capacity 73893K, committed 74096K, reserved 1110016K
  class space    used 12999K, capacity 13182K, committed 13224K, reserved 1048576K
}
Event: 19,746 GC heap before
{Heap before GC invocations=11 (full 5):
 PSYoungGen      total 305664K, used 43492K [0x00000000eab00000, 0x0000000100000000, 0x0000000100000000)
  eden space 262144K, 0% used [0x00000000eab00000,0x00000000eab00000,0x00000000fab00000)
  from space 43520K, 99% used [0x00000000fd580000,0x00000000ffff9308,0x0000000100000000)
  to   space 43520K, 0% used [0x00000000fab00000,0x00000000fab00000,0x00000000fd580000)
 ParOldGen       total 699392K, used 24811K [0x00000000c0000000, 0x00000000eab00000, 0x00000000eab00000)
  object space 699392K, 3% used [0x00000000c0000000,0x00000000c183af20,0x00000000eab00000)
 Metaspace       used 73301K, capacity 73893K, committed 74096K, reserved 1110016K
  class space    used 12999K, capacity 13182K, committed 13224K, reserved 1048576K

Deoptimization events (10 events):
Event: 19,466 Thread 0x00007f466409e000 Uncommon trap: reason=class_check action=maybe_recompile pc=0x00007f46c4dd40e4 method=scala.reflect.internal.Symbols$Symbol.rawInfo()Lscala/reflect/internal/Types$Type; @ 147
Event: 19,471 Thread 0x00007f466409e000 Uncommon trap: reason=bimorphic action=maybe_recompile pc=0x00007f46c4dd8100 method=scala.reflect.internal.Symbols$Symbol.needsFlatClasses()Z @ 48
Event: 19,471 Thread 0x00007f466409e000 Uncommon trap: reason=bimorphic action=maybe_recompile pc=0x00007f46c4c64a5c method=scala.reflect.internal.Symbols$Symbol.needsFlatClasses()Z @ 48
Event: 19,474 Thread 0x00007f466409e000 Uncommon trap: reason=bimorphic action=maybe_recompile pc=0x00007f46c4dd8100 method=scala.reflect.internal.Symbols$Symbol.needsFlatClasses()Z @ 48
Event: 19,474 Thread 0x00007f466409e000 Uncommon trap: reason=bimorphic action=maybe_recompile pc=0x00007f46c4c7db5c method=scala.reflect.internal.Symbols$Symbol.needsFlatClasses()Z @ 48
Event: 19,496 Thread 0x00007f466409e000 Uncommon trap: reason=unstable_if action=reinterpret pc=0x00007f46c4c337ec method=scala.reflect.internal.Symbols$Symbol.needsFlatClasses()Z @ 10
Event: 19,496 Thread 0x00007f466409e000 Uncommon trap: reason=unstable_if action=reinterpret pc=0x00007f46c4c74294 method=scala.reflect.internal.Symbols$Symbol.needsFlatClasses()Z @ 41
Event: 19,501 Thread 0x00007f466409e000 Uncommon trap: reason=class_check action=maybe_recompile pc=0x00007f46c4dd40e4 method=scala.reflect.internal.Symbols$Symbol.rawInfo()Lscala/reflect/internal/Types$Type; @ 147
Event: 19,501 Thread 0x00007f466409e000 Uncommon trap: reason=class_check action=maybe_recompile pc=0x00007f46c4dd40e4 method=scala.reflect.internal.Symbols$Symbol.rawInfo()Lscala/reflect/internal/Types$Type; @ 147
Event: 19,501 Thread 0x00007f466409e000 Uncommon trap: reason=class_check action=maybe_recompile pc=0x00007f46c4dd40e4 method=scala.reflect.internal.Symbols$Symbol.rawInfo()Lscala/reflect/internal/Types$Type; @ 147

Internal exceptions (10 events):
Event: 8,720 Thread 0x00007f466409e000 Exception <a 'java/lang/NoSuchMethodError': <clinit>> (0x00000000f1f68e08) thrown at [/build/openjdk-8-YiEakL/openjdk-8-8u121-b13/src/hotspot/src/share/vm/prims/jni.cpp, line 1613]
Event: 8,723 Thread 0x00007f466409e000 Exception <a 'java/lang/NoSuchMethodError': <clinit>> (0x00000000f1f73bc8) thrown at [/build/openjdk-8-YiEakL/openjdk-8-8u121-b13/src/hotspot/src/share/vm/prims/jni.cpp, line 1613]
Event: 8,726 Thread 0x00007f466409e000 Exception <a 'java/lang/NoSuchMethodError': <clinit>> (0x00000000f1f85b10) thrown at [/build/openjdk-8-YiEakL/openjdk-8-8u121-b13/src/hotspot/src/share/vm/prims/jni.cpp, line 1613]
Event: 8,730 Thread 0x00007f466409e000 Exception <a 'java/lang/NoSuchMethodError': <clinit>> (0x00000000f1f99cd8) thrown at [/build/openjdk-8-YiEakL/openjdk-8-8u121-b13/src/hotspot/src/share/vm/prims/jni.cpp, line 1613]
Event: 8,734 Thread 0x00007f466409e000 Exception <a 'java/lang/NoSuchMethodError': <clinit>> (0x00000000f1faf910) thrown at [/build/openjdk-8-YiEakL/openjdk-8-8u121-b13/src/hotspot/src/share/vm/prims/jni.cpp, line 1613]
Event: 8,739 Thread 0x00007f466409e000 Exception <a 'java/lang/NoSuchMethodError': <clinit>> (0x00000000f1fc7ca0) thrown at [/build/openjdk-8-YiEakL/openjdk-8-8u121-b13/src/hotspot/src/share/vm/prims/jni.cpp, line 1613]
Event: 8,743 Thread 0x00007f466409e000 Exception <a 'java/lang/NoSuchMethodError': <clinit>> (0x00000000f1fd4478) thrown at [/build/openjdk-8-YiEakL/openjdk-8-8u121-b13/src/hotspot/src/share/vm/prims/jni.cpp, line 1613]
Event: 8,746 Thread 0x00007f466409e000 Exception <a 'java/lang/NoSuchMethodError': <clinit>> (0x00000000f1fdeb88) thrown at [/build/openjdk-8-YiEakL/openjdk-8-8u121-b13/src/hotspot/src/share/vm/prims/jni.cpp, line 1613]
Event: 8,750 Thread 0x00007f466409e000 Exception <a 'java/lang/NoSuchMethodError': <clinit>> (0x00000000f1fea310) thrown at [/build/openjdk-8-YiEakL/openjdk-8-8u121-b13/src/hotspot/src/share/vm/prims/jni.cpp, line 1613]
Event: 15,596 Thread 0x00007f466409e000 Implicit null exception at 0x00007f46c47bb5ec to 0x00007f46c47bb6b1

Events (10 events):
Event: 19,538 Thread 0x00007f46cc179800 flushing nmethod 0x00007f46c4970b10
Event: 19,538 Thread 0x00007f46cc179800 flushing nmethod 0x00007f46c4978f50
Event: 19,554 Thread 0x00007f46cc179800 flushing nmethod 0x00007f46c49d8c10
Event: 19,554 Thread 0x00007f46cc179800 flushing nmethod 0x00007f46c4a24c90
Event: 19,555 Thread 0x00007f46cc179800 flushing nmethod 0x00007f46c4a33e50
Event: 19,555 Thread 0x00007f46cc179800 flushing nmethod 0x00007f46c4a37fd0
Event: 19,555 Thread 0x00007f46cc179800 flushing nmethod 0x00007f46c4a8a850
Event: 19,556 Thread 0x00007f46cc179800 flushing nmethod 0x00007f46c4ab5a90
Event: 19,556 Thread 0x00007f46cc179800 flushing nmethod 0x00007f46c4acbb90
Event: 19,639 Executing VM operation: CollectForMetadataAllocation


Dynamic libraries:
00400000-00401000 r-xp 00000000 08:11 1239169                            /usr/lib/jvm/java-8-openjdk-amd64/jre/bin/java
00600000-00601000 r--p 00000000 08:11 1239169                            /usr/lib/jvm/java-8-openjdk-amd64/jre/bin/java
00601000-00602000 rw-p 00001000 08:11 1239169                            /usr/lib/jvm/java-8-openjdk-amd64/jre/bin/java
00cff000-00d20000 rw-p 00000000 00:00 0                                  [heap]
c0000000-100cea000 rw-p 00000000 00:00 0 
100cea000-140000000 ---p 00000000 00:00 0 
7f4664000000-7f46640ac000 rw-p 00000000 00:00 0 
7f46640ac000-7f4668000000 ---p 00000000 00:00 0 
7f466c000000-7f466c78d000 rw-p 00000000 00:00 0 
7f466c78d000-7f4670000000 ---p 00000000 00:00 0 
7f4670000000-7f4670021000 rw-p 00000000 00:00 0 
7f4670021000-7f4674000000 ---p 00000000 00:00 0 
7f4674000000-7f467405e000 rw-p 00000000 00:00 0 
7f467405e000-7f4678000000 ---p 00000000 00:00 0 
7f4678000000-7f4678099000 rw-p 00000000 00:00 0 
7f4678099000-7f467c000000 ---p 00000000 00:00 0 
7f467c000000-7f467c021000 rw-p 00000000 00:00 0 
7f467c021000-7f4680000000 ---p 00000000 00:00 0 
7f4680000000-7f4680044000 rw-p 00000000 00:00 0 
7f4680044000-7f4684000000 ---p 00000000 00:00 0 
7f4684000000-7f4684021000 rw-p 00000000 00:00 0 
7f4684021000-7f4688000000 ---p 00000000 00:00 0 
7f4688000000-7f4688021000 rw-p 00000000 00:00 0 
7f4688021000-7f468c000000 ---p 00000000 00:00 0 
7f468c000000-7f468dcaf000 rw-p 00000000 00:00 0 
7f468dcaf000-7f4690000000 ---p 00000000 00:00 0 
7f4690000000-7f4690e89000 rw-p 00000000 00:00 0 
7f4690e89000-7f4694000000 ---p 00000000 00:00 0 
7f4694000000-7f4694021000 rw-p 00000000 00:00 0 
7f4694021000-7f4698000000 ---p 00000000 00:00 0 
7f4698000000-7f4699d55000 rw-p 00000000 00:00 0 
7f4699d55000-7f469c000000 ---p 00000000 00:00 0 
7f469c000000-7f469c021000 rw-p 00000000 00:00 0 
7f469c021000-7f46a0000000 ---p 00000000 00:00 0 
7f46a0000000-7f46a0021000 rw-p 00000000 00:00 0 
7f46a0021000-7f46a4000000 ---p 00000000 00:00 0 
7f46a4000000-7f46a4021000 rw-p 00000000 00:00 0 
7f46a4021000-7f46a8000000 ---p 00000000 00:00 0 
7f46a8000000-7f46a8021000 rw-p 00000000 00:00 0 
7f46a8021000-7f46ac000000 ---p 00000000 00:00 0 
7f46ac000000-7f46ac021000 rw-p 00000000 00:00 0 
7f46ac021000-7f46b0000000 ---p 00000000 00:00 0 
7f46b1963000-7f46b1ad5000 rw-p 00000000 00:00 0 
7f46b1ad5000-7f46b1b63000 ---p 00000000 00:00 0 
7f46b1b63000-7f46b1d63000 rw-p 00000000 00:00 0 
7f46b1d63000-7f46b1f63000 rw-p 00000000 00:00 0 
7f46b1f63000-7f46b2163000 rw-p 00000000 00:00 0 
7f46b2163000-7f46b2363000 rw-p 00000000 00:00 0 
7f46b2363000-7f46b2563000 rw-p 00000000 00:00 0 
7f46b2563000-7f46b2635000 r--s 00a6f000 08:11 136977                     /home/slawek/.ivy2/cache/org.scalaz/scalaz-core_2.11/bundles/scalaz-core_2.11-7.2.8.jar
7f46b2635000-7f46b2681000 r--s 00412000 08:11 137508                     /home/slawek/.ivy2/cache/org.scala-lang/scala-reflect/jars/scala-reflect-2.11.7.jar
7f46b2681000-7f46b2881000 rw-p 00000000 00:00 0 
7f46b2881000-7f46b2a81000 rw-p 00000000 00:00 0 
7f46b2a81000-7f46b2c81000 rw-p 00000000 00:00 0 
7f46b2c81000-7f46b2e81000 rw-p 00000000 00:00 0 
7f46b2e81000-7f46b3081000 rw-p 00000000 00:00 0 
7f46b3081000-7f46b30cd000 r--s 00411000 08:11 149444                     /home/slawek/.ivy2/cache/org.scala-lang/scala-reflect/jars/scala-reflect-2.11.8.jar
7f46b30cd000-7f46b31d9000 r--s 00dba000 08:11 149445                     /home/slawek/.ivy2/cache/org.scala-lang/scala-compiler/jars/scala-compiler-2.11.8.jar
7f46b31d9000-7f46b33d9000 rw-p 00000000 00:00 0 
7f46b33d9000-7f46b35d9000 rw-p 00000000 00:00 0 
7f46b35d9000-7f46b35f0000 r-xp 00000000 08:11 1327361                    /lib/x86_64-linux-gnu/libresolv-2.23.so
7f46b35f0000-7f46b37f0000 ---p 00017000 08:11 1327361                    /lib/x86_64-linux-gnu/libresolv-2.23.so
7f46b37f0000-7f46b37f1000 r--p 00017000 08:11 1327361                    /lib/x86_64-linux-gnu/libresolv-2.23.so
7f46b37f1000-7f46b37f2000 rw-p 00018000 08:11 1327361                    /lib/x86_64-linux-gnu/libresolv-2.23.so
7f46b37f2000-7f46b37f4000 rw-p 00000000 00:00 0 
7f46b37f4000-7f46b37f9000 r-xp 00000000 08:11 1327634                    /lib/x86_64-linux-gnu/libnss_dns-2.23.so
7f46b37f9000-7f46b39f9000 ---p 00005000 08:11 1327634                    /lib/x86_64-linux-gnu/libnss_dns-2.23.so
7f46b39f9000-7f46b39fa000 r--p 00005000 08:11 1327634                    /lib/x86_64-linux-gnu/libnss_dns-2.23.so
7f46b39fa000-7f46b39fb000 rw-p 00006000 08:11 1327634                    /lib/x86_64-linux-gnu/libnss_dns-2.23.so
7f46b39fb000-7f46b39fd000 r-xp 00000000 08:11 1316188                    /lib/x86_64-linux-gnu/libnss_mdns4_minimal.so.2
7f46b39fd000-7f46b3bfc000 ---p 00002000 08:11 1316188                    /lib/x86_64-linux-gnu/libnss_mdns4_minimal.so.2
7f46b3bfc000-7f46b3bfd000 r--p 00001000 08:11 1316188                    /lib/x86_64-linux-gnu/libnss_mdns4_minimal.so.2
7f46b3bfd000-7f46b3bfe000 rw-p 00002000 08:11 1316188                    /lib/x86_64-linux-gnu/libnss_mdns4_minimal.so.2
7f46b3bfe000-7f46b3dfe000 rw-p 00000000 00:00 0 
7f46b3dfe000-7f46b3e01000 ---p 00000000 00:00 0 
7f46b3e01000-7f46b3eff000 rw-p 00000000 00:00 0 
7f46b3eff000-7f46b3f02000 ---p 00000000 00:00 0 
7f46b3f02000-7f46b4000000 rw-p 00000000 00:00 0 
7f46b4000000-7f46b402b000 rw-p 00000000 00:00 0 
7f46b402b000-7f46b8000000 ---p 00000000 00:00 0 
7f46b8011000-7f46b801b000 r--s 0009a000 08:11 269197                     /home/slawek/.ivy2/cache/org.scala-lang.modules/scala-xml_2.11/bundles/scala-xml_2.11-1.0.5.jar
7f46b801b000-7f46b801f000 r--s 00037000 08:11 270919                     /home/slawek/.ivy2/local/skac/miro_2.11/1.0.1-SNAPSHOT/jars/miro_2.11.jar
7f46b801f000-7f46b8026000 r--s 00062000 08:11 274597                     /home/slawek/.ivy2/cache/org.scalactic/scalactic_2.11/bundles/scalactic_2.11-2.2.6.jar
7f46b8026000-7f46b802b000 r--s 002f9000 08:11 1186389                    /usr/lib/jvm/java-8-openjdk-amd64/jre/lib/charsets.jar
7f46b802b000-7f46b802e000 r--s 00015000 08:11 1186385                    /usr/lib/jvm/java-8-openjdk-amd64/jre/lib/jce.jar
7f46b802e000-7f46b8034000 r--s 00038000 08:11 403602                     /home/slawek/.sbt/boot/scala-2.10.6/org.scala-sbt/sbt/0.13.13/org.scala-sbt-compiler-interface-0.13.13-bin_2.11.8__52.0/org.scala-sbt-compiler-interface-0.13.13-bin_2.11.8__52.0.jar
7f46b8034000-7f46b8234000 rw-p 00000000 00:00 0 
7f46b8234000-7f46b8237000 ---p 00000000 00:00 0 
7f46b8237000-7f46b8335000 rw-p 00000000 00:00 0 
7f46b8335000-7f46b8338000 ---p 00000000 00:00 0 
7f46b8338000-7f46b8436000 rw-p 00000000 00:00 0 
7f46b8436000-7f46b8439000 ---p 00000000 00:00 0 
7f46b8439000-7f46b8737000 rw-p 00000000 00:00 0 
7f46b8737000-7f46b8937000 rw-p 00000000 00:00 0 
7f46b8937000-7f46b8b37000 rw-p 00000000 00:00 0 
7f46b8b37000-7f46b8b4a000 r--s 00346000 08:11 1186335                    /usr/lib/jvm/java-8-openjdk-amd64/jre/lib/resources.jar
7f46b8b4a000-7f46b8d4a000 rw-p 00000000 00:00 0 
7f46b8d4c000-7f46b8d50000 r--s 00031000 08:11 149446                     /home/slawek/.ivy2/cache/jline/jline/jars/jline-2.12.1.jar
7f46b8d50000-7f46b8d5b000 r--s 0005d000 08:11 274604                     /home/slawek/.ivy2/cache/org.scala-lang.modules/scala-parser-combinators_2.11/bundles/scala-parser-combinators_2.11-1.0.4.jar
7f46b8d5b000-7f46b8d66000 r--s 00094000 08:11 274602                     /home/slawek/.ivy2/cache/org.scala-lang.modules/scala-xml_2.11/bundles/scala-xml_2.11-1.0.4.jar
7f46b8d66000-7f46b8dbf000 r--s 00522000 08:11 149443                     /home/slawek/.ivy2/cache/org.scala-lang/scala-library/jars/scala-library-2.11.8.jar
7f46b8dbf000-7f46b8de0000 r--s 001a5000 08:11 148982                     /home/slawek/.ivy2/cache/org.scalariform/scalariform_2.10/jars/scalariform_2.10-0.1.4.jar
7f46b8de0000-7f46b8df3000 r--s 000be000 08:11 274038                     /home/slawek/.ivy2/cache/org.scala-lang/scalap/jars/scalap-2.10.6.jar
7f46b8df3000-7f46b8df9000 r--s 00036000 08:11 137497                     /home/slawek/.ivy2/cache/scala_2.10/sbt_0.13/org.ensime/sbt-ensime/jars/sbt-ensime-1.11.1.jar
7f46b8df9000-7f46b8dfc000 ---p 00000000 00:00 0 
7f46b8dfc000-7f46b90fa000 rw-p 00000000 00:00 0 
7f46b90fa000-7f46b92fa000 rw-p 00000000 00:00 0 
7f46b92fa000-7f46b94fa000 rw-p 00000000 00:00 0 
7f46b94fa000-7f46b96fa000 rw-p 00000000 00:00 0 
7f46b96fa000-7f46b9773000 r--s 010fd000 08:11 1239090                    /usr/lib/jvm/java-8-openjdk-amd64/lib/tools.jar
7f46b9773000-7f46b9973000 rw-p 00000000 00:00 0 
7f46b9973000-7f46b9b73000 rw-p 00000000 00:00 0 
7f46b9b73000-7f46b9b77000 r--s 0009a000 08:11 1186384                    /usr/lib/jvm/java-8-openjdk-amd64/jre/lib/jsse.jar
7f46b9b77000-7f46b9b7a000 ---p 00000000 00:00 0 
7f46b9b7a000-7f46b9bb0000 rw-p 00000000 00:00 0 
7f46b9bb0000-7f46b9bb2000 r--s 0000b000 08:11 267193                     /home/slawek/.sbt/boot/scala-2.10.6/org.scala-sbt/sbt/0.13.13/xsbti/interface-0.13.13.jar
7f46b9bb2000-7f46b9bc0000 r--s 000bc000 08:11 267175                     /home/slawek/.sbt/boot/scala-2.10.6/org.scala-sbt/sbt/0.13.13/scala-pickling_2.10-0.10.1.jar
7f46b9bc0000-7f46b9bc7000 r--s 0003f000 08:11 267158                     /home/slawek/.sbt/boot/scala-2.10.6/org.scala-sbt/sbt/0.13.13/io-0.13.13.jar
7f46b9bc7000-7f46b9dc7000 rw-p 00000000 00:00 0 
7f46b9dc7000-7f46b9dce000 r--s 0005a000 08:11 267203                     /home/slawek/.sbt/boot/scala-2.10.6/org.scala-sbt/sbt/0.13.13/completion-0.13.13.jar
7f46b9dce000-7f46b9dd0000 r--s 00017000 08:11 267228                     /home/slawek/.sbt/boot/scala-2.10.6/org.scala-sbt/sbt/0.13.13/testing-0.13.13.jar
7f46b9dd0000-7f46b9dd5000 r--s 00038000 08:11 267179                     /home/slawek/.sbt/boot/scala-2.10.6/org.scala-sbt/sbt/0.13.13/compiler-interface-0.13.13.jar
7f46b9dd5000-7f46b9dd6000 r--s 0000c000 08:11 267190                     /home/slawek/.sbt/boot/scala-2.10.6/org.scala-sbt/sbt/0.13.13/sbt-0.13.13.jar
7f46b9dd6000-7f46b9dd7000 r--s 00001000 08:11 267162                     /home/slawek/.sbt/boot/scala-2.10.6/org.scala-sbt/sbt/0.13.13/json4s-support_2.10-0.6.0.jar
7f46b9dd7000-7f46b9dd8000 r--s 00000000 08:11 267197                     /home/slawek/.sbt/boot/scala-2.10.6/org.scala-sbt/sbt/0.13.13/template-resolver-0.1.jar
7f46b9dd8000-7f46b9ddb000 r--s 0001e000 08:11 267182                     /home/slawek/.sbt/boot/scala-2.10.6/org.scala-sbt/sbt/0.13.13/run-0.13.13.jar
7f46b9ddb000-7f46b9ddd000 r--s 0000e000 08:11 267219                     /home/slawek/.sbt/boot/scala-2.10.6/org.scala-sbt/sbt/0.13.13/logic-0.13.13.jar
7f46b9ddd000-7f46b9de0000 r--s 0001a000 08:11 267226                     /home/slawek/.sbt/boot/scala-2.10.6/org.scala-sbt/sbt/0.13.13/cache-0.13.13.jar
7f46b9de0000-7f46b9de5000 r--s 00024000 08:11 267234                     /home/slawek/.sbt/boot/scala-2.10.6/org.scala-sbt/sbt/0.13.13/persist-0.13.13.jar
7f46b9de5000-7f46b9de7000 r--s 00002000 08:11 267204                     /home/slawek/.sbt/boot/scala-2.10.6/org.scala-sbt/sbt/0.13.13/control-0.13.13.jar
7f46b9de7000-7f46b9de8000 r--s 00005000 08:11 267178                     /home/slawek/.sbt/boot/scala-2.10.6/org.scala-sbt/sbt/0.13.13/test-agent-0.13.13.jar
7f46b9de8000-7f46b9dec000 r--s 0001d000 08:11 267186                     /home/slawek/.sbt/boot/scala-2.10.6/org.scala-sbt/sbt/0.13.13/tasks-0.13.13.jar
7f46b9dec000-7f46b9df0000 r--s 00039000 08:11 267208                     /home/slawek/.sbt/boot/scala-2.10.6/org.scala-sbt/sbt/0.13.13/jline-2.13.jar
7f46b9df0000-7f46b9df6000 r--s 00040000 08:11 267160                     /home/slawek/.sbt/boot/scala-2.10.6/org.scala-sbt/sbt/0.13.13/api-0.13.13.jar
7f46b9df6000-7f46b9df8000 r--s 00007000 08:11 267220                     /home/slawek/.sbt/boot/scala-2.10.6/org.scala-sbt/sbt/0.13.13/paranamer-2.6.jar
7f46b9df8000-7f46b9e02000 r--s 00070000 08:11 267236                     /home/slawek/.sbt/boot/scala-2.10.6/org.scala-sbt/sbt/0.13.13/incremental-compiler-0.13.13.jar
7f46b9e02000-7f46b9e04000 r--s 00013000 08:11 267201                     /home/slawek/.sbt/boot/scala-2.10.6/org.scala-sbt/sbt/0.13.13/json4s-ast_2.10-3.2.10.jar
7f46b9e04000-7f46b9e19000 r--s 00101000 08:11 267215                     /home/slawek/.sbt/boot/scala-2.10.6/org.scala-sbt/sbt/0.13.13/ivy-2.3.0-sbt-2cf13e211b2cb31f0d3b317289dca70eca3362f6.jar
7f46b9e19000-7f46b9e1b000 r--s 0000b000 08:11 267213                     /home/slawek/.sbt/boot/scala-2.10.6/org.scala-sbt/sbt/0.13.13/tracking-0.13.13.jar
7f46b9e1b000-7f46b9e1d000 r--s 00002000 08:11 267221                     /home/slawek/.sbt/boot/scala-2.10.6/org.scala-sbt/sbt/0.13.13/test-interface-1.0.jar
7f46b9e1d000-7f46b9e28000 r--s 00099000 08:11 267164                     /home/slawek/.sbt/boot/scala-2.10.6/org.scala-sbt/sbt/0.13.13/main-settings-0.13.13.jar
7f46b9e28000-7f46b9e2a000 r--s 00012000 08:11 267231                     /home/slawek/.sbt/boot/scala-2.10.6/org.scala-sbt/sbt/0.13.13/jawn-parser_2.10-0.6.0.jar
7f46b9e2a000-7f46b9e5f000 r--s 002da000 08:11 267202                     /home/slawek/.sbt/boot/scala-2.10.6/org.scala-sbt/sbt/0.13.13/scala-reflect-2.10.6.jar
7f46b9e5f000-7f46b9e63000 r--s 0001c000 08:11 267206                     /home/slawek/.sbt/boot/scala-2.10.6/org.scala-sbt/sbt/0.13.13/compiler-integration-0.13.13.jar
7f46b9e63000-7f46b9e67000 r--s 0001b000 08:11 267224                     /home/slawek/.sbt/boot/scala-2.10.6/org.scala-sbt/sbt/0.13.13/process-0.13.13.jar
7f46b9e67000-7f46b9e69000 r--s 00014000 08:11 267212                     /home/slawek/.sbt/boot/scala-2.10.6/org.scala-sbt/sbt/0.13.13/apply-macro-0.13.13.jar
7f46b9e69000-7f46b9e6e000 r--s 00039000 08:11 267180                     /home/slawek/.sbt/boot/scala-2.10.6/org.scala-sbt/sbt/0.13.13/command-0.13.13.jar
7f46b9e6e000-7f46b9e71000 r--s 00018000 08:11 267173                     /home/slawek/.sbt/boot/scala-2.10.6/org.scala-sbt/sbt/0.13.13/logging-0.13.13.jar
7f46b9e71000-7f46b9e94000 r--s 001ca000 08:11 267166                     /home/slawek/.sbt/boot/scala-2.10.6/org.scala-sbt/sbt/0.13.13/ivy-0.13.13.jar
7f46b9e94000-7f46b9e98000 r--s 0003b000 08:11 267191                     /home/slawek/.sbt/boot/scala-2.10.6/org.scala-sbt/sbt/0.13.13/jsch-0.1.50.jar
7f46b9e98000-7f46b9e9a000 r--s 00014000 08:11 267194                     /home/slawek/.sbt/boot/scala-2.10.6/org.scala-sbt/sbt/0.13.13/classpath-0.13.13.jar
7f46b9e9a000-7f46b9ea2000 r--s 00060000 08:11 267211                     /home/slawek/.sbt/boot/scala-2.10.6/org.scala-sbt/sbt/0.13.13/collections-0.13.13.jar
7f46b9ea2000-7f46b9ed2000 r--s 00269000 08:11 267222                     /home/slawek/.sbt/boot/scala-2.10.6/org.scala-sbt/sbt/0.13.13/main-0.13.13.jar
7f46b9ed2000-7f46b9edc000 r--s 00085000 08:11 267238                     /home/slawek/.sbt/boot/scala-2.10.6/org.scala-sbt/sbt/0.13.13/json4s-core_2.10-3.2.10.jar
7f46b9edc000-7f46b9ede000 r--s 00004000 08:11 267161                     /home/slawek/.sbt/boot/scala-2.10.6/org.scala-sbt/sbt/0.13.13/compiler-ivy-integration-0.13.13.jar
7f46b9ede000-7f46b9eea000 r--s 000a4000 08:11 267207                     /home/slawek/.sbt/boot/scala-2.10.6/org.scala-sbt/sbt/0.13.13/quasiquotes_2.10-2.0.1.jar
7f46b9eea000-7f46b9eec000 r--s 0001a000 08:11 267169                     /home/slawek/.sbt/boot/scala-2.10.6/org.scala-sbt/sbt/0.13.13/jansi-1.11.jar
7f46b9eec000-7f46b9ef5000 r--s 0006f000 08:11 267210                     /home/slawek/.sbt/boot/scala-2.10.6/org.scala-sbt/sbt/0.13.13/actions-0.13.13.jar
7f46b9ef5000-7f46b9ef8000 r--s 0001d000 08:11 267225                     /home/slawek/.sbt/boot/scala-2.10.6/org.scala-sbt/sbt/0.13.13/task-system-0.13.13.jar
7f46b9ef8000-7f46b9efa000 r--s 00006000 08:11 267209                     /home/slawek/.sbt/boot/scala-2.10.6/org.scala-sbt/sbt/0.13.13/relation-0.13.13.jar
7f46b9efa000-7f46b9f00000 r--s 00038000 08:11 267177                     /home/slawek/.sbt/boot/scala-2.10.6/org.scala-sbt/sbt/0.13.13/compile-0.13.13.jar
7f46b9f00000-7f46b9f02000 r--s 00015000 08:11 267205                     /home/slawek/.sbt/boot/scala-2.10.6/org.scala-sbt/sbt/0.13.13/classfile-0.13.13.jar
7f46b9f02000-7f46b9f06000 r--s 00022000 08:11 267176                     /home/slawek/.sbt/boot/scala-2.10.6/org.scala-sbt/sbt/0.13.13/sbinary_2.10-0.4.2.jar
7f46b9f06000-7f46b9f0d000 r--s 0004b000 08:11 267195                     /home/slawek/.sbt/boot/scala-2.10.6/org.scala-sbt/sbt/0.13.13/serialization_2.10-0.1.2.jar
7f46b9f0d000-7f46ba00b000 r--s 00cd0000 08:11 266552                     /home/slawek/.sbt/boot/scala-2.10.6/lib/scala-compiler.jar
7f46ba00b000-7f46ba07e000 r--s 0065b000 08:11 266561                     /home/slawek/.sbt/boot/scala-2.10.6/lib/scala-library.jar
7f46ba07e000-7f46ba0b3000 r--s 002da000 08:11 266558                     /home/slawek/.sbt/boot/scala-2.10.6/lib/scala-reflect.jar
7f46ba0b3000-7f46ba0b7000 r--s 00025000 08:11 266560                     /home/slawek/.sbt/boot/scala-2.10.6/lib/jline.jar
7f46ba0b7000-7f46ba0c8000 r-xp 00000000 08:11 1186315                    /usr/lib/jvm/java-8-openjdk-amd64/jre/lib/amd64/libnio.so
7f46ba0c8000-7f46ba2c8000 ---p 00011000 08:11 1186315                    /usr/lib/jvm/java-8-openjdk-amd64/jre/lib/amd64/libnio.so
7f46ba2c8000-7f46ba2c9000 r--p 00011000 08:11 1186315                    /usr/lib/jvm/java-8-openjdk-amd64/jre/lib/amd64/libnio.so
7f46ba2c9000-7f46ba2ca000 rw-p 00012000 08:11 1186315                    /usr/lib/jvm/java-8-openjdk-amd64/jre/lib/amd64/libnio.so
7f46ba2ca000-7f46ba5cb000 rw-p 00000000 00:00 0 
7f46ba5cb000-7f46ba5e2000 r-xp 00000000 08:11 1186305                    /usr/lib/jvm/java-8-openjdk-amd64/jre/lib/amd64/libnet.so
7f46ba5e2000-7f46ba7e1000 ---p 00017000 08:11 1186305                    /usr/lib/jvm/java-8-openjdk-amd64/jre/lib/amd64/libnet.so
7f46ba7e1000-7f46ba7e2000 r--p 00016000 08:11 1186305                    /usr/lib/jvm/java-8-openjdk-amd64/jre/lib/amd64/libnet.so
7f46ba7e2000-7f46ba7e3000 rw-p 00017000 08:11 1186305                    /usr/lib/jvm/java-8-openjdk-amd64/jre/lib/amd64/libnet.so
7f46ba7e3000-7f46ba7e4000 ---p 00000000 00:00 0 
7f46ba7e4000-7f46ba8e4000 rw-p 00000000 00:00 0 
7f46ba8e4000-7f46ba8e7000 ---p 00000000 00:00 0 
7f46ba8e7000-7f46ba9e5000 rw-p 00000000 00:00 0 
7f46ba9e5000-7f46ba9e8000 ---p 00000000 00:00 0 
7f46ba9e8000-7f46baae6000 rw-p 00000000 00:00 0 
7f46baae6000-7f46baae9000 ---p 00000000 00:00 0 
7f46baae9000-7f46babe7000 rw-p 00000000 00:00 0 
7f46babe7000-7f46babea000 ---p 00000000 00:00 0 
7f46babea000-7f46bace8000 rw-p 00000000 00:00 0 
7f46bace8000-7f46baceb000 ---p 00000000 00:00 0 
7f46baceb000-7f46bade9000 rw-p 00000000 00:00 0 
7f46bade9000-7f46bb1f2000 r--p 00000000 08:11 1194449                    /usr/lib/locale/locale-archive
7f46bb1f2000-7f46bb1f5000 ---p 00000000 00:00 0 
7f46bb1f5000-7f46bb2f3000 rw-p 00000000 00:00 0 
7f46bb2f3000-7f46bb2f6000 ---p 00000000 00:00 0 
7f46bb2f6000-7f46bb3f4000 rw-p 00000000 00:00 0 
7f46bb3f4000-7f46bb3f5000 ---p 00000000 00:00 0 
7f46bb3f5000-7f46bc000000 rw-p 00000000 00:00 0 
7f46bc000000-7f46bc021000 rw-p 00000000 00:00 0 
7f46bc021000-7f46c0000000 ---p 00000000 00:00 0 
7f46c0000000-7f46c0003000 r--s 00018000 08:11 266559                     /home/slawek/.sbt/boot/scala-2.10.6/lib/jansi.jar
7f46c0003000-7f46c001f000 r--s 0010c000 08:11 137546                     /usr/share/sbt-launcher-packaging/bin/sbt-launch.jar
7f46c001f000-7f46c0029000 r--s 00116000 08:11 1186380                    /usr/lib/jvm/java-8-openjdk-amd64/jre/lib/ext/localedata.jar
7f46c0029000-7f46c0044000 r--s 001d6000 08:11 1186373                    /usr/lib/jvm/java-8-openjdk-amd64/jre/lib/ext/nashorn.jar
7f46c0044000-7f46c005f000 r--s 00394000 08:11 1186377                    /usr/lib/jvm/java-8-openjdk-amd64/jre/lib/ext/cldrdata.jar
7f46c005f000-7f46c04b0000 rw-p 00000000 00:00 0 
7f46c04b0000-7f46c067e000 r--s 03c06000 08:11 1186394                    /usr/lib/jvm/java-8-openjdk-amd64/jre/lib/rt.jar
7f46c067e000-7f46c307e000 rw-p 00000000 00:00 0 
7f46c307e000-7f46c307f000 ---p 00000000 00:00 0 
7f46c307f000-7f46c317f000 rw-p 00000000 00:00 0 
7f46c317f000-7f46c3180000 ---p 00000000 00:00 0 
7f46c3180000-7f46c3280000 rw-p 00000000 00:00 0 
7f46c3280000-7f46c3281000 ---p 00000000 00:00 0 
7f46c3281000-7f46c3381000 rw-p 00000000 00:00 0 
7f46c3381000-7f46c3382000 ---p 00000000 00:00 0 
7f46c3382000-7f46c3834000 rw-p 00000000 00:00 0 
7f46c3834000-7f46c39d9000 ---p 00000000 00:00 0 
7f46c39d9000-7f46c5089000 rwxp 00000000 00:00 0 
7f46c5089000-7f46cb9d9000 ---p 00000000 00:00 0 
7f46cb9d9000-7f46cb9e1000 r-xp 00000000 08:11 1186303                    /usr/lib/jvm/java-8-openjdk-amd64/jre/lib/amd64/libzip.so
7f46cb9e1000-7f46cbbe0000 ---p 00008000 08:11 1186303                    /usr/lib/jvm/java-8-openjdk-amd64/jre/lib/amd64/libzip.so
7f46cbbe0000-7f46cbbe1000 r--p 00007000 08:11 1186303                    /usr/lib/jvm/java-8-openjdk-amd64/jre/lib/amd64/libzip.so
7f46cbbe1000-7f46cbbe2000 rw-p 00008000 08:11 1186303                    /usr/lib/jvm/java-8-openjdk-amd64/jre/lib/amd64/libzip.so
7f46cbbe2000-7f46cbbed000 r-xp 00000000 08:11 1326319                    /lib/x86_64-linux-gnu/libnss_files-2.23.so
7f46cbbed000-7f46cbdec000 ---p 0000b000 08:11 1326319                    /lib/x86_64-linux-gnu/libnss_files-2.23.so
7f46cbdec000-7f46cbded000 r--p 0000a000 08:11 1326319                    /lib/x86_64-linux-gnu/libnss_files-2.23.so
7f46cbded000-7f46cbdee000 rw-p 0000b000 08:11 1326319                    /lib/x86_64-linux-gnu/libnss_files-2.23.so
7f46cbdee000-7f46cbdf4000 rw-p 00000000 00:00 0 
7f46cbdf4000-7f46cbdff000 r-xp 00000000 08:11 1325608                    /lib/x86_64-linux-gnu/libnss_nis-2.23.so
7f46cbdff000-7f46cbffe000 ---p 0000b000 08:11 1325608                    /lib/x86_64-linux-gnu/libnss_nis-2.23.so
7f46cbffe000-7f46cbfff000 r--p 0000a000 08:11 1325608                    /lib/x86_64-linux-gnu/libnss_nis-2.23.so
7f46cbfff000-7f46cc000000 rw-p 0000b000 08:11 1325608                    /lib/x86_64-linux-gnu/libnss_nis-2.23.so
7f46cc000000-7f46ce0ba000 rw-p 00000000 00:00 0 
7f46ce0ba000-7f46d0000000 ---p 00000000 00:00 0 
7f46d0000000-7f46d0001000 r--s 00001000 08:11 267167                     /home/slawek/.sbt/boot/scala-2.10.6/org.scala-sbt/sbt/0.13.13/cross-0.13.13.jar
7f46d0001000-7f46d0003000 r--s 00008000 08:11 1186372                    /usr/lib/jvm/java-8-openjdk-amd64/jre/lib/ext/sunec.jar
7f46d0003000-7f46d0007000 r--s 00037000 08:11 1186379                    /usr/lib/jvm/java-8-openjdk-amd64/jre/lib/ext/sunpkcs11.jar
7f46d0007000-7f46d000c000 r--s 0003b000 08:11 1186381                    /usr/lib/jvm/java-8-openjdk-amd64/jre/lib/ext/sunjce_provider.jar
7f46d000c000-7f46d0022000 r-xp 00000000 08:11 1326295                    /lib/x86_64-linux-gnu/libnsl-2.23.so
7f46d0022000-7f46d0221000 ---p 00016000 08:11 1326295                    /lib/x86_64-linux-gnu/libnsl-2.23.so
7f46d0221000-7f46d0222000 r--p 00015000 08:11 1326295                    /lib/x86_64-linux-gnu/libnsl-2.23.so
7f46d0222000-7f46d0223000 rw-p 00016000 08:11 1326295                    /lib/x86_64-linux-gnu/libnsl-2.23.so
7f46d0223000-7f46d0225000 rw-p 00000000 00:00 0 
7f46d0225000-7f46d022d000 r-xp 00000000 08:11 1326923                    /lib/x86_64-linux-gnu/libnss_compat-2.23.so
7f46d022d000-7f46d042c000 ---p 00008000 08:11 1326923                    /lib/x86_64-linux-gnu/libnss_compat-2.23.so
7f46d042c000-7f46d042d000 r--p 00007000 08:11 1326923                    /lib/x86_64-linux-gnu/libnss_compat-2.23.so
7f46d042d000-7f46d042e000 rw-p 00008000 08:11 1326923                    /lib/x86_64-linux-gnu/libnss_compat-2.23.so
7f46d042e000-7f46d045b000 r-xp 00000000 08:11 1186334                    /usr/lib/jvm/java-8-openjdk-amd64/jre/lib/amd64/libjava.so
7f46d045b000-7f46d065a000 ---p 0002d000 08:11 1186334                    /usr/lib/jvm/java-8-openjdk-amd64/jre/lib/amd64/libjava.so
7f46d065a000-7f46d065b000 r--p 0002c000 08:11 1186334                    /usr/lib/jvm/java-8-openjdk-amd64/jre/lib/amd64/libjava.so
7f46d065b000-7f46d065d000 rw-p 0002d000 08:11 1186334                    /usr/lib/jvm/java-8-openjdk-amd64/jre/lib/amd64/libjava.so
7f46d065d000-7f46d066c000 r-xp 00000000 08:11 1186294                    /usr/lib/jvm/java-8-openjdk-amd64/jre/lib/amd64/libverify.so
7f46d066c000-7f46d086b000 ---p 0000f000 08:11 1186294                    /usr/lib/jvm/java-8-openjdk-amd64/jre/lib/amd64/libverify.so
7f46d086b000-7f46d086d000 r--p 0000e000 08:11 1186294                    /usr/lib/jvm/java-8-openjdk-amd64/jre/lib/amd64/libverify.so
7f46d086d000-7f46d086e000 rw-p 00010000 08:11 1186294                    /usr/lib/jvm/java-8-openjdk-amd64/jre/lib/amd64/libverify.so
7f46d086e000-7f46d0875000 r-xp 00000000 08:11 1326925                    /lib/x86_64-linux-gnu/librt-2.23.so
7f46d0875000-7f46d0a74000 ---p 00007000 08:11 1326925                    /lib/x86_64-linux-gnu/librt-2.23.so
7f46d0a74000-7f46d0a75000 r--p 00006000 08:11 1326925                    /lib/x86_64-linux-gnu/librt-2.23.so
7f46d0a75000-7f46d0a76000 rw-p 00007000 08:11 1326925                    /lib/x86_64-linux-gnu/librt-2.23.so
7f46d0a76000-7f46d0a8c000 r-xp 00000000 08:11 1316121                    /lib/x86_64-linux-gnu/libgcc_s.so.1
7f46d0a8c000-7f46d0c8b000 ---p 00016000 08:11 1316121                    /lib/x86_64-linux-gnu/libgcc_s.so.1
7f46d0c8b000-7f46d0c8c000 rw-p 00015000 08:11 1316121                    /lib/x86_64-linux-gnu/libgcc_s.so.1
7f46d0c8c000-7f46d0d94000 r-xp 00000000 08:11 1325906                    /lib/x86_64-linux-gnu/libm-2.23.so
7f46d0d94000-7f46d0f93000 ---p 00108000 08:11 1325906                    /lib/x86_64-linux-gnu/libm-2.23.so
7f46d0f93000-7f46d0f94000 r--p 00107000 08:11 1325906                    /lib/x86_64-linux-gnu/libm-2.23.so
7f46d0f94000-7f46d0f95000 rw-p 00108000 08:11 1325906                    /lib/x86_64-linux-gnu/libm-2.23.so
7f46d0f95000-7f46d1107000 r-xp 00000000 08:11 1194263                    /usr/lib/x86_64-linux-gnu/libstdc++.so.6.0.21
7f46d1107000-7f46d1307000 ---p 00172000 08:11 1194263                    /usr/lib/x86_64-linux-gnu/libstdc++.so.6.0.21
7f46d1307000-7f46d1311000 r--p 00172000 08:11 1194263                    /usr/lib/x86_64-linux-gnu/libstdc++.so.6.0.21
7f46d1311000-7f46d1313000 rw-p 0017c000 08:11 1194263                    /usr/lib/x86_64-linux-gnu/libstdc++.so.6.0.21
7f46d1313000-7f46d1317000 rw-p 00000000 00:00 0 
7f46d1317000-7f46d1f67000 r-xp 00000000 08:11 1186327                    /usr/lib/jvm/java-8-openjdk-amd64/jre/lib/amd64/server/libjvm.so
7f46d1f67000-7f46d2166000 ---p 00c50000 08:11 1186327                    /usr/lib/jvm/java-8-openjdk-amd64/jre/lib/amd64/server/libjvm.so
7f46d2166000-7f46d21f9000 r--p 00c4f000 08:11 1186327                    /usr/lib/jvm/java-8-openjdk-amd64/jre/lib/amd64/server/libjvm.so
7f46d21f9000-7f46d2222000 rw-p 00ce2000 08:11 1186327                    /usr/lib/jvm/java-8-openjdk-amd64/jre/lib/amd64/server/libjvm.so
7f46d2222000-7f46d2252000 rw-p 00000000 00:00 0 
7f46d2252000-7f46d226a000 r-xp 00000000 08:11 1327088                    /lib/x86_64-linux-gnu/libpthread-2.23.so
7f46d226a000-7f46d2469000 ---p 00018000 08:11 1327088                    /lib/x86_64-linux-gnu/libpthread-2.23.so
7f46d2469000-7f46d246a000 r--p 00017000 08:11 1327088                    /lib/x86_64-linux-gnu/libpthread-2.23.so
7f46d246a000-7f46d246b000 rw-p 00018000 08:11 1327088                    /lib/x86_64-linux-gnu/libpthread-2.23.so
7f46d246b000-7f46d246f000 rw-p 00000000 00:00 0 
7f46d246f000-7f46d2472000 r-xp 00000000 08:11 1325600                    /lib/x86_64-linux-gnu/libdl-2.23.so
7f46d2472000-7f46d2671000 ---p 00003000 08:11 1325600                    /lib/x86_64-linux-gnu/libdl-2.23.so
7f46d2671000-7f46d2672000 r--p 00002000 08:11 1325600                    /lib/x86_64-linux-gnu/libdl-2.23.so
7f46d2672000-7f46d2673000 rw-p 00003000 08:11 1325600                    /lib/x86_64-linux-gnu/libdl-2.23.so
7f46d2673000-7f46d268c000 r-xp 00000000 08:11 1316274                    /lib/x86_64-linux-gnu/libz.so.1.2.8
7f46d268c000-7f46d288b000 ---p 00019000 08:11 1316274                    /lib/x86_64-linux-gnu/libz.so.1.2.8
7f46d288b000-7f46d288c000 r--p 00018000 08:11 1316274                    /lib/x86_64-linux-gnu/libz.so.1.2.8
7f46d288c000-7f46d288d000 rw-p 00019000 08:11 1316274                    /lib/x86_64-linux-gnu/libz.so.1.2.8
7f46d288d000-7f46d2a4c000 r-xp 00000000 08:11 1326297                    /lib/x86_64-linux-gnu/libc-2.23.so
7f46d2a4c000-7f46d2c4c000 ---p 001bf000 08:11 1326297                    /lib/x86_64-linux-gnu/libc-2.23.so
7f46d2c4c000-7f46d2c50000 r--p 001bf000 08:11 1326297                    /lib/x86_64-linux-gnu/libc-2.23.so
7f46d2c50000-7f46d2c52000 rw-p 001c3000 08:11 1326297                    /lib/x86_64-linux-gnu/libc-2.23.so
7f46d2c52000-7f46d2c56000 rw-p 00000000 00:00 0 
7f46d2c56000-7f46d2c63000 r-xp 00000000 08:11 1186320                    /usr/lib/jvm/java-8-openjdk-amd64/jre/lib/amd64/jli/libjli.so
7f46d2c63000-7f46d2e63000 ---p 0000d000 08:11 1186320                    /usr/lib/jvm/java-8-openjdk-amd64/jre/lib/amd64/jli/libjli.so
7f46d2e63000-7f46d2e64000 r--p 0000d000 08:11 1186320                    /usr/lib/jvm/java-8-openjdk-amd64/jre/lib/amd64/jli/libjli.so
7f46d2e64000-7f46d2e65000 rw-p 0000e000 08:11 1186320                    /usr/lib/jvm/java-8-openjdk-amd64/jre/lib/amd64/jli/libjli.so
7f46d2e65000-7f46d2e8b000 r-xp 00000000 08:11 1326300                    /lib/x86_64-linux-gnu/ld-2.23.so
7f46d2e8b000-7f46d2e8c000 r--s 00002000 08:11 267241                     /home/slawek/.sbt/boot/scala-2.10.6/org.scala-sbt/sbt/0.13.13/launcher-interface-1.0.0-M1.jar
7f46d2e8c000-7f46d2e8d000 r--s 00010000 08:11 1186378                    /usr/lib/jvm/java-8-openjdk-amd64/jre/lib/ext/zipfs.jar
7f46d2e8d000-7f46d2e8f000 r--s 00001000 08:11 1186375                    /usr/lib/jvm/java-8-openjdk-amd64/jre/lib/ext/dnsns.jar
7f46d2e8f000-7f46d2f60000 rw-p 00000000 00:00 0 
7f46d2f60000-7f46d2f63000 ---p 00000000 00:00 0 
7f46d2f63000-7f46d3066000 rw-p 00000000 00:00 0 
7f46d3066000-7f46d3067000 r--s 0000a000 08:11 1186382                    /usr/lib/jvm/java-8-openjdk-amd64/jre/lib/ext/jaccess.jar
7f46d3067000-7f46d306a000 r--s 0000f000 08:11 1186376                    /usr/lib/jvm/java-8-openjdk-amd64/jre/lib/ext/icedtea-sound.jar
7f46d306a000-7f46d307e000 rw-p 00000000 00:00 0 
7f46d307e000-7f46d3086000 rw-s 00000000 08:11 399986                     /tmp/hsperfdata_slawek/8022
7f46d3086000-7f46d3087000 rw-p 00000000 00:00 0 
7f46d3087000-7f46d3088000 ---p 00000000 00:00 0 
7f46d3088000-7f46d308a000 rw-p 00000000 00:00 0 
7f46d308a000-7f46d308b000 r--p 00025000 08:11 1326300                    /lib/x86_64-linux-gnu/ld-2.23.so
7f46d308b000-7f46d308c000 rw-p 00026000 08:11 1326300                    /lib/x86_64-linux-gnu/ld-2.23.so
7f46d308c000-7f46d308d000 rw-p 00000000 00:00 0 
7ffd1292b000-7ffd1294c000 rw-p 00000000 00:00 0                          [stack]
7ffd129c6000-7ffd129c8000 r--p 00000000 00:00 0                          [vvar]
7ffd129c8000-7ffd129ca000 r-xp 00000000 00:00 0                          [vdso]
ffffffffff600000-ffffffffff601000 r-xp 00000000 00:00 0                  [vsyscall]

VM Arguments:
jvm_args: -Xms1024m -Xmx1024m -XX:ReservedCodeCacheSize=128m -XX:MaxMetaspaceSize=256m 
java_command: /usr/share/sbt-launcher-packaging/bin/sbt-launch.jar run
java_class_path (initial): /usr/share/sbt-launcher-packaging/bin/sbt-launch.jar
Launcher Type: SUN_STANDARD

Environment Variables:
PATH=/usr/local/sbin:/usr/local/bin:/usr/sbin:/usr/bin:/sbin:/bin:/usr/games:/usr/local/games:/snap/bin:/media/windows/activator-1.3.12-minimal/bin
SHELL=/bin/bash
DISPLAY=:0

Signal Handlers:
SIGSEGV: [libjvm.so+0xa66fd0], sa_mask[0]=11111111011111111101111111111110, sa_flags=SA_RESTART|SA_SIGINFO
SIGBUS: [libjvm.so+0xa66fd0], sa_mask[0]=11111111011111111101111111111110, sa_flags=SA_RESTART|SA_SIGINFO
SIGFPE: [libjvm.so+0x8b0180], sa_mask[0]=11111111011111111101111111111110, sa_flags=SA_RESTART|SA_SIGINFO
SIGPIPE: [libjvm.so+0x8b0180], sa_mask[0]=11111111011111111101111111111110, sa_flags=SA_RESTART|SA_SIGINFO
SIGXFSZ: [libjvm.so+0x8b0180], sa_mask[0]=11111111011111111101111111111110, sa_flags=SA_RESTART|SA_SIGINFO
SIGILL: [libjvm.so+0x8b0180], sa_mask[0]=11111111011111111101111111111110, sa_flags=SA_RESTART|SA_SIGINFO
SIGUSR1: SIG_DFL, sa_mask[0]=00000000000000000000000000000000, sa_flags=none
SIGUSR2: [libjvm.so+0x8b0030], sa_mask[0]=00000000000000000000000000000000, sa_flags=SA_RESTART|SA_SIGINFO
SIGHUP: [libjvm.so+0x8b0500], sa_mask[0]=11111111011111111101111111111110, sa_flags=SA_RESTART|SA_SIGINFO
SIGINT: [libjvm.so+0x8b0500], sa_mask[0]=11111111011111111101111111111110, sa_flags=SA_RESTART|SA_SIGINFO
SIGTERM: [libjvm.so+0x8b0500], sa_mask[0]=11111111011111111101111111111110, sa_flags=SA_RESTART|SA_SIGINFO
SIGQUIT: [libjvm.so+0x8b0500], sa_mask[0]=11111111011111111101111111111110, sa_flags=SA_RESTART|SA_SIGINFO


---------------  S Y S T E M  ---------------

OS:DISTRIB_ID=Ubuntu
DISTRIB_RELEASE=16.04
DISTRIB_CODENAME=xenial
DISTRIB_DESCRIPTION="Ubuntu 16.04.1 LTS"

uname:Linux 4.4.0-72-generic #93-Ubuntu SMP Fri Mar 31 14:07:41 UTC 2017 x86_64
libc:glibc 2.23 NPTL 2.23 
rlimit: STACK 8192k, CORE 0k, NPROC 15105, NOFILE 65536, AS infinity
load average:2,49 3,31 2,06

/proc/meminfo:
MemTotal:        3935472 kB
MemFree:          471228 kB
MemAvailable:    1459848 kB
Buffers:          152180 kB
Cached:          1206756 kB
SwapCached:            0 kB
Active:          2307448 kB
Inactive:         898192 kB
Active(anon):    1851052 kB
Inactive(anon):   216480 kB
Active(file):     456396 kB
Inactive(file):   681712 kB
Unevictable:           0 kB
Mlocked:               0 kB
SwapTotal:       3927036 kB
SwapFree:        3927036 kB
Dirty:              1316 kB
Writeback:             0 kB
AnonPages:       1846856 kB
Mapped:           410672 kB
Shmem:            220832 kB
Slab:             150872 kB
SReclaimable:     110564 kB
SUnreclaim:        40308 kB
KernelStack:        9312 kB
PageTables:        40092 kB
NFS_Unstable:          0 kB
Bounce:                0 kB
WritebackTmp:          0 kB
CommitLimit:     5894772 kB
Committed_AS:    6776776 kB
VmallocTotal:   34359738367 kB
VmallocUsed:           0 kB
VmallocChunk:          0 kB
HardwareCorrupted:     0 kB
AnonHugePages:    815104 kB
CmaTotal:              0 kB
CmaFree:               0 kB
HugePages_Total:       0
HugePages_Free:        0
HugePages_Rsvd:        0
HugePages_Surp:        0
Hugepagesize:       2048 kB
DirectMap4k:      161596 kB
DirectMap2M:     3921920 kB


CPU:total 4 (2 cores per cpu, 2 threads per core) family 6 model 58 stepping 9, cmov, cx8, fxsr, mmx, sse, sse2, sse3, ssse3, sse4.1, sse4.2, popcnt, avx, clmul, erms, ht, tsc, tscinvbit, tscinv

/proc/cpuinfo:
processor	: 0
vendor_id	: GenuineIntel
cpu family	: 6
model		: 58
model name	: Intel(R) Core(TM) i3-3110M CPU @ 2.40GHz
stepping	: 9
microcode	: 0x15
cpu MHz		: 2266.875
cache size	: 3072 KB
physical id	: 0
siblings	: 4
core id		: 0
cpu cores	: 2
apicid		: 0
initial apicid	: 0
fpu		: yes
fpu_exception	: yes
cpuid level	: 13
wp		: yes
flags		: fpu vme de pse tsc msr pae mce cx8 apic sep mtrr pge mca cmov pat pse36 clflush dts acpi mmx fxsr sse sse2 ss ht tm pbe syscall nx rdtscp lm constant_tsc arch_perfmon pebs bts rep_good nopl xtopology nonstop_tsc aperfmperf eagerfpu pni pclmulqdq dtes64 monitor ds_cpl vmx est tm2 ssse3 cx16 xtpr pdcm pcid sse4_1 sse4_2 x2apic popcnt tsc_deadline_timer xsave avx f16c lahf_lm epb tpr_shadow vnmi flexpriority ept vpid fsgsbase smep erms xsaveopt dtherm arat pln pts
bugs		:
bogomips	: 4788.93
clflush size	: 64
cache_alignment	: 64
address sizes	: 36 bits physical, 48 bits virtual
power management:

processor	: 1
vendor_id	: GenuineIntel
cpu family	: 6
model		: 58
model name	: Intel(R) Core(TM) i3-3110M CPU @ 2.40GHz
stepping	: 9
microcode	: 0x15
cpu MHz		: 1827.843
cache size	: 3072 KB
physical id	: 0
siblings	: 4
core id		: 1
cpu cores	: 2
apicid		: 2
initial apicid	: 2
fpu		: yes
fpu_exception	: yes
cpuid level	: 13
wp		: yes
flags		: fpu vme de pse tsc msr pae mce cx8 apic sep mtrr pge mca cmov pat pse36 clflush dts acpi mmx fxsr sse sse2 ss ht tm pbe syscall nx rdtscp lm constant_tsc arch_perfmon pebs bts rep_good nopl xtopology nonstop_tsc aperfmperf eagerfpu pni pclmulqdq dtes64 monitor ds_cpl vmx est tm2 ssse3 cx16 xtpr pdcm pcid sse4_1 sse4_2 x2apic popcnt tsc_deadline_timer xsave avx f16c lahf_lm epb tpr_shadow vnmi flexpriority ept vpid fsgsbase smep erms xsaveopt dtherm arat pln pts
bugs		:
bogomips	: 4788.93
clflush size	: 64
cache_alignment	: 64
address sizes	: 36 bits physical, 48 bits virtual
power management:

processor	: 2
vendor_id	: GenuineIntel
cpu family	: 6
model		: 58
model name	: Intel(R) Core(TM) i3-3110M CPU @ 2.40GHz
stepping	: 9
microcode	: 0x15
cpu MHz		: 2283.562
cache size	: 3072 KB
physical id	: 0
siblings	: 4
core id		: 0
cpu cores	: 2
apicid		: 1
initial apicid	: 1
fpu		: yes
fpu_exception	: yes
cpuid level	: 13
wp		: yes
flags		: fpu vme de pse tsc msr pae mce cx8 apic sep mtrr pge mca cmov pat pse36 clflush dts acpi mmx fxsr sse sse2 ss ht tm pbe syscall nx rdtscp lm constant_tsc arch_perfmon pebs bts rep_good nopl xtopology nonstop_tsc aperfmperf eagerfpu pni pclmulqdq dtes64 monitor ds_cpl vmx est tm2 ssse3 cx16 xtpr pdcm pcid sse4_1 sse4_2 x2apic popcnt tsc_deadline_timer xsave avx f16c lahf_lm epb tpr_shadow vnmi flexpriority ept vpid fsgsbase smep erms xsaveopt dtherm arat pln pts
bugs		:
bogomips	: 4788.93
clflush size	: 64
cache_alignment	: 64
address sizes	: 36 bits physical, 48 bits virtual
power management:

processor	: 3
vendor_id	: GenuineIntel
cpu family	: 6
model		: 58
model name	: Intel(R) Core(TM) i3-3110M CPU @ 2.40GHz
stepping	: 9
microcode	: 0x15
cpu MHz		: 2299.968
cache size	: 3072 KB
physical id	: 0
siblings	: 4
core id		: 1
cpu cores	: 2
apicid		: 3
initial apicid	: 3
fpu		: yes
fpu_exception	: yes
cpuid level	: 13
wp		: yes
flags		: fpu vme de pse tsc msr pae mce cx8 apic sep mtrr pge mca cmov pat pse36 clflush dts acpi mmx fxsr sse sse2 ss ht tm pbe syscall nx rdtscp lm constant_tsc arch_perfmon pebs bts rep_good nopl xtopology nonstop_tsc aperfmperf eagerfpu pni pclmulqdq dtes64 monitor ds_cpl vmx est tm2 ssse3 cx16 xtpr pdcm pcid sse4_1 sse4_2 x2apic popcnt tsc_deadline_timer xsave avx f16c lahf_lm epb tpr_shadow vnmi flexpriority ept vpid fsgsbase smep erms xsaveopt dtherm arat pln pts
bugs		:
bogomips	: 4788.93
clflush size	: 64
cache_alignment	: 64
address sizes	: 36 bits physical, 48 bits virtual
power management:



Memory: 4k page, physical 3935472k(470980k free), swap 3927036k(3927036k free)

vm_info: OpenJDK 64-Bit Server VM (25.121-b13) for linux-amd64 JRE (1.8.0_121-8u121-b13-0ubuntu1.16.04.2-b13), built on Jan 23 2017 15:51:29 by "buildd" with gcc 5.4.0 20160609

time: Mon Apr 10 15:32:43 2017
elapsed time: 20 seconds (0d 0h 0m 20s)

